[ 2016-06-01T09:48:53+08:00 ] ::1 /hgecms/index.php/Home/Index/index/id/1
INFO: [ app_init ] --START--
INFO: Run Behavior\BuildLiteBehavior [ RunTime:0.000013s ]
INFO: [ app_init ] --END-- [ RunTime:0.000369s ]
INFO: [ app_begin ] --START--
INFO: Run Behavior\ReadHtmlCacheBehavior [ RunTime:0.000501s ]
INFO: [ app_begin ] --END-- [ RunTime:0.000543s ]
SQL: SHOW COLUMNS FROM `ny_biaozhuntype` [ RunTime:0.0099s ]
SQL: SELECT * FROM `ny_biaozhuntype` WHERE ( pid = 0 )  [ RunTime:0.0011s ]
SQL: SELECT * FROM `ny_biaozhuntype` WHERE ( pid = 1 )  [ RunTime:0.0008s ]
NOTIC: [8] Undefined variable: sort D:\WWW\hgecms\hgecms\Home\Controller\IndexController.class.php 第 14 行.
INFO: [ view_parse ] --START--
INFO: [ template_filter ] --START--
INFO: Run Behavior\ContentReplaceBehavior [ RunTime:0.000167s ]
INFO: [ template_filter ] --END-- [ RunTime:0.000296s ]
INFO: Run Behavior\ParseTemplateBehavior [ RunTime:0.038546s ]
INFO: [ view_parse ] --END-- [ RunTime:0.038669s ]
INFO: [ view_filter ] --START--
INFO: Run Behavior\WriteHtmlCacheBehavior [ RunTime:0.000573s ]
INFO: [ view_filter ] --END-- [ RunTime:0.000640s ]
INFO: [ app_end ] --START--
INFO: Run Behavior\ShowPageTraceBehavior [ RunTime:0.001029s ]
INFO: [ app_end ] --END-- [ RunTime:0.001097s ]

[ 2016-06-01T09:48:55+08:00 ] ::1 /hgecms/index.php/Home/Index/getAjax.html?pid=7
INFO: [ app_init ] --START--
INFO: Run Behavior\BuildLiteBehavior [ RunTime:0.000017s ]
INFO: [ app_init ] --END-- [ RunTime:0.000504s ]
INFO: [ app_begin ] --START--
INFO: Run Behavior\ReadHtmlCacheBehavior [ RunTime:0.000673s ]
INFO: [ app_begin ] --END-- [ RunTime:0.000720s ]
SQL: SHOW COLUMNS FROM `ny_biaozhuntype` [ RunTime:0.0088s ]
SQL: SHOW COLUMNS FROM `ny_content` [ RunTime:0.0093s ]
SQL: SELECT `id`,`typename`,`details`,`pid`,`path`,`sort`,concat(path,'.',id) as bpath FROM `ny_biaozhuntype` GROUP BY bpath ORDER BY id asc  [ RunTime:0.0104s ]
SQL: SELECT * FROM `ny_content` WHERE ( upsort = '1.1.1.1' )  [ RunTime:0.0006s ]
SQL: SELECT * FROM `ny_content` WHERE ( upsort = '1.1.2.1' )  [ RunTime:0.0004s ]

[ 2016-06-01T09:50:43+08:00 ] ::1 /hgecms/index.php/Home/Index/index/id/1
INFO: [ app_init ] --START--
INFO: Run Behavior\BuildLiteBehavior [ RunTime:0.000013s ]
INFO: [ app_init ] --END-- [ RunTime:0.000334s ]
INFO: [ app_begin ] --START--
INFO: Run Behavior\ReadHtmlCacheBehavior [ RunTime:0.000456s ]
INFO: [ app_begin ] --END-- [ RunTime:0.000492s ]
SQL: SHOW COLUMNS FROM `ny_biaozhuntype` [ RunTime:0.0114s ]
SQL: SELECT * FROM `ny_biaozhuntype` WHERE ( pid = 0 )  [ RunTime:0.0009s ]
SQL: SELECT * FROM `ny_biaozhuntype` WHERE ( pid = 1 )  [ RunTime:0.0008s ]
NOTIC: [8] Undefined variable: sort D:\WWW\hgecms\hgecms\Home\Controller\IndexController.class.php 第 14 行.
INFO: [ view_parse ] --START--
INFO: [ template_filter ] --START--
INFO: Run Behavior\ContentReplaceBehavior [ RunTime:0.000086s ]
INFO: [ template_filter ] --END-- [ RunTime:0.000150s ]
INFO: Run Behavior\ParseTemplateBehavior [ RunTime:0.029576s ]
INFO: [ view_parse ] --END-- [ RunTime:0.029677s ]
INFO: [ view_filter ] --START--
INFO: Run Behavior\WriteHtmlCacheBehavior [ RunTime:0.000383s ]
INFO: [ view_filter ] --END-- [ RunTime:0.000430s ]
INFO: [ app_end ] --START--
INFO: Run Behavior\ShowPageTraceBehavior [ RunTime:0.000741s ]
INFO: [ app_end ] --END-- [ RunTime:0.000793s ]

[ 2016-06-01T09:50:44+08:00 ] ::1 /hgecms/index.php/Home/Index/getAjax.html?pid=7
INFO: [ app_init ] --START--
INFO: Run Behavior\BuildLiteBehavior [ RunTime:0.000015s ]
INFO: [ app_init ] --END-- [ RunTime:0.000379s ]
INFO: [ app_begin ] --START--
INFO: Run Behavior\ReadHtmlCacheBehavior [ RunTime:0.000561s ]
INFO: [ app_begin ] --END-- [ RunTime:0.000608s ]
SQL: SHOW COLUMNS FROM `ny_biaozhuntype` [ RunTime:0.0084s ]
SQL: SHOW COLUMNS FROM `ny_content` [ RunTime:0.0084s ]
SQL: SELECT `id`,`typename`,`details`,`pid`,`path`,`sort`,concat(path,'.',id) as bpath FROM `ny_biaozhuntype` GROUP BY bpath ORDER BY id asc  [ RunTime:0.0121s ]
SQL: SELECT * FROM `ny_content` WHERE ( upsort = '1.1.1.1' )  [ RunTime:0.0008s ]
SQL: SELECT * FROM `ny_content` WHERE ( upsort = '1.1.2.1' )  [ RunTime:0.0006s ]

[ 2016-06-01T09:52:47+08:00 ] ::1 /hgecms/index.php/Home/Index/index/id/1
INFO: [ app_init ] --START--
INFO: Run Behavior\BuildLiteBehavior [ RunTime:0.000015s ]
INFO: [ app_init ] --END-- [ RunTime:0.000377s ]
INFO: [ app_begin ] --START--
INFO: Run Behavior\ReadHtmlCacheBehavior [ RunTime:0.000475s ]
INFO: [ app_begin ] --END-- [ RunTime:0.000523s ]
SQL: SHOW COLUMNS FROM `ny_biaozhuntype` [ RunTime:0.0100s ]
SQL: SELECT * FROM `ny_biaozhuntype` WHERE ( pid = 0 )  [ RunTime:0.0009s ]
SQL: SELECT * FROM `ny_biaozhuntype` WHERE ( pid = 1 )  [ RunTime:0.0008s ]
NOTIC: [8] Undefined variable: sort D:\WWW\hgecms\hgecms\Home\Controller\IndexController.class.php 第 14 行.
INFO: [ view_parse ] --START--
INFO: [ template_filter ] --START--
INFO: Run Behavior\ContentReplaceBehavior [ RunTime:0.000149s ]
INFO: [ template_filter ] --END-- [ RunTime:0.000282s ]
INFO: Run Behavior\ParseTemplateBehavior [ RunTime:0.024214s ]
INFO: [ view_parse ] --END-- [ RunTime:0.024413s ]
INFO: [ view_filter ] --START--
INFO: Run Behavior\WriteHtmlCacheBehavior [ RunTime:0.001455s ]
INFO: [ view_filter ] --END-- [ RunTime:0.001626s ]
INFO: [ app_end ] --START--
INFO: Run Behavior\ShowPageTraceBehavior [ RunTime:0.001922s ]
INFO: [ app_end ] --END-- [ RunTime:0.002023s ]

[ 2016-06-01T09:52:48+08:00 ] ::1 /hgecms/index.php/Home/Index/getAjax.html?pid=7
INFO: [ app_init ] --START--
INFO: Run Behavior\BuildLiteBehavior [ RunTime:0.000017s ]
INFO: [ app_init ] --END-- [ RunTime:0.000436s ]
INFO: [ app_begin ] --START--
INFO: Run Behavior\ReadHtmlCacheBehavior [ RunTime:0.000413s ]
INFO: [ app_begin ] --END-- [ RunTime:0.000446s ]
SQL: SHOW COLUMNS FROM `ny_biaozhuntype` [ RunTime:0.0082s ]
SQL: SHOW COLUMNS FROM `ny_content` [ RunTime:0.0074s ]
SQL: SELECT `id`,`typename`,`details`,`pid`,`path`,`sort`,concat(path,'.',id) as bpath FROM `ny_biaozhuntype` GROUP BY bpath ORDER BY id asc  [ RunTime:0.0070s ]
SQL: SELECT * FROM `ny_content` WHERE ( upsort = '1.1.1.1' )  [ RunTime:0.0005s ]
SQL: SELECT * FROM `ny_content` WHERE ( upsort = '1.1.2.1' )  [ RunTime:0.0004s ]

[ 2016-06-01T09:54:06+08:00 ] ::1 /hgecms/index.php/Home/Index/index/id/1
INFO: [ app_init ] --START--
INFO: Run Behavior\BuildLiteBehavior [ RunTime:0.000014s ]
INFO: [ app_init ] --END-- [ RunTime:0.000300s ]
INFO: [ app_begin ] --START--
INFO: Run Behavior\ReadHtmlCacheBehavior [ RunTime:0.000392s ]
INFO: [ app_begin ] --END-- [ RunTime:0.000435s ]
SQL: SHOW COLUMNS FROM `ny_biaozhuntype` [ RunTime:0.0070s ]
SQL: SELECT * FROM `ny_biaozhuntype` WHERE ( pid = 0 )  [ RunTime:0.0005s ]
SQL: SELECT * FROM `ny_biaozhuntype` WHERE ( pid = 1 )  [ RunTime:0.0004s ]
NOTIC: [8] Undefined variable: sort D:\WWW\hgecms\hgecms\Home\Controller\IndexController.class.php 第 14 行.
INFO: [ view_parse ] --START--
INFO: [ template_filter ] --START--
INFO: Run Behavior\ContentReplaceBehavior [ RunTime:0.000089s ]
INFO: [ template_filter ] --END-- [ RunTime:0.000167s ]
INFO: Run Behavior\ParseTemplateBehavior [ RunTime:0.012192s ]
INFO: [ view_parse ] --END-- [ RunTime:0.012300s ]
INFO: [ view_filter ] --START--
INFO: Run Behavior\WriteHtmlCacheBehavior [ RunTime:0.000634s ]
INFO: [ view_filter ] --END-- [ RunTime:0.000711s ]
INFO: [ app_end ] --START--
INFO: Run Behavior\ShowPageTraceBehavior [ RunTime:0.000891s ]
INFO: [ app_end ] --END-- [ RunTime:0.000961s ]

[ 2016-06-01T09:54:07+08:00 ] ::1 /hgecms/index.php/Home/Index/getAjax.html?pid=7
INFO: [ app_init ] --START--
INFO: Run Behavior\BuildLiteBehavior [ RunTime:0.000015s ]
INFO: [ app_init ] --END-- [ RunTime:0.000392s ]
INFO: [ app_begin ] --START--
INFO: Run Behavior\ReadHtmlCacheBehavior [ RunTime:0.000528s ]
INFO: [ app_begin ] --END-- [ RunTime:0.000569s ]
SQL: SHOW COLUMNS FROM `ny_biaozhuntype` [ RunTime:0.0082s ]
SQL: SHOW COLUMNS FROM `ny_content` [ RunTime:0.0094s ]
SQL: SELECT `id`,`typename`,`details`,`pid`,`path`,`sort`,concat(path,'.',id) as bpath FROM `ny_biaozhuntype` GROUP BY bpath ORDER BY id asc  [ RunTime:0.0104s ]
SQL: SELECT * FROM `ny_content` WHERE ( upsort = '1.1.1.1' )  [ RunTime:0.0006s ]
SQL: SELECT * FROM `ny_content` WHERE ( upsort = '1.1.2.1' )  [ RunTime:0.0005s ]

[ 2016-06-01T09:54:36+08:00 ] ::1 /hgecms/index.php/Home/Index/index/id/1
INFO: [ app_init ] --START--
INFO: Run Behavior\BuildLiteBehavior [ RunTime:0.000014s ]
INFO: [ app_init ] --END-- [ RunTime:0.000335s ]
INFO: [ app_begin ] --START--
INFO: Run Behavior\ReadHtmlCacheBehavior [ RunTime:0.000497s ]
INFO: [ app_begin ] --END-- [ RunTime:0.000547s ]
SQL: SHOW COLUMNS FROM `ny_biaozhuntype` [ RunTime:0.0088s ]
SQL: SELECT * FROM `ny_biaozhuntype` WHERE ( pid = 0 )  [ RunTime:0.0008s ]
SQL: SELECT * FROM `ny_biaozhuntype` WHERE ( pid = 1 )  [ RunTime:0.0007s ]
NOTIC: [8] Undefined variable: sort D:\WWW\hgecms\hgecms\Home\Controller\IndexController.class.php 第 14 行.
INFO: [ view_parse ] --START--
INFO: [ template_filter ] --START--
INFO: Run Behavior\ContentReplaceBehavior [ RunTime:0.000149s ]
INFO: [ template_filter ] --END-- [ RunTime:0.000291s ]
INFO: Run Behavior\ParseTemplateBehavior [ RunTime:0.021110s ]
INFO: [ view_parse ] --END-- [ RunTime:0.021267s ]
INFO: [ view_filter ] --START--
INFO: Run Behavior\WriteHtmlCacheBehavior [ RunTime:0.000677s ]
INFO: [ view_filter ] --END-- [ RunTime:0.000781s ]
INFO: [ app_end ] --START--
INFO: Run Behavior\ShowPageTraceBehavior [ RunTime:0.001438s ]
INFO: [ app_end ] --END-- [ RunTime:0.001550s ]

[ 2016-06-01T09:54:38+08:00 ] ::1 /hgecms/index.php/Home/Index/getAjax.html?pid=7
INFO: [ app_init ] --START--
INFO: Run Behavior\BuildLiteBehavior [ RunTime:0.000017s ]
INFO: [ app_init ] --END-- [ RunTime:0.000426s ]
INFO: [ app_begin ] --START--
INFO: Run Behavior\ReadHtmlCacheBehavior [ RunTime:0.000590s ]
INFO: [ app_begin ] --END-- [ RunTime:0.000647s ]
SQL: SHOW COLUMNS FROM `ny_biaozhuntype` [ RunTime:0.0059s ]
SQL: SHOW COLUMNS FROM `ny_content` [ RunTime:0.0074s ]
SQL: SELECT `id`,`typename`,`details`,`pid`,`path`,`sort`,concat(path,'.',id) as bpath FROM `ny_biaozhuntype` GROUP BY bpath ORDER BY id asc  [ RunTime:0.0069s ]
SQL: SELECT * FROM `ny_content` WHERE ( upsort = '1.1.1.1' )  [ RunTime:0.0005s ]
SQL: SELECT * FROM `ny_content` WHERE ( upsort = '1.1.2.1' )  [ RunTime:0.0005s ]

[ 2016-06-01T09:54:40+08:00 ] ::1 /hgecms/index.php/Home/Index/getAjax.html?pid=7
INFO: [ app_init ] --START--
INFO: Run Behavior\BuildLiteBehavior [ RunTime:0.000022s ]
INFO: [ app_init ] --END-- [ RunTime:0.000547s ]
INFO: [ app_begin ] --START--
INFO: Run Behavior\ReadHtmlCacheBehavior [ RunTime:0.000666s ]
INFO: [ app_begin ] --END-- [ RunTime:0.000731s ]
SQL: SHOW COLUMNS FROM `ny_biaozhuntype` [ RunTime:0.0082s ]
SQL: SHOW COLUMNS FROM `ny_content` [ RunTime:0.0088s ]
SQL: SELECT `id`,`typename`,`details`,`pid`,`path`,`sort`,concat(path,'.',id) as bpath FROM `ny_biaozhuntype` GROUP BY bpath ORDER BY id asc  [ RunTime:0.0101s ]
SQL: SELECT * FROM `ny_content` WHERE ( upsort = '1.1.1.1' )  [ RunTime:0.0008s ]
SQL: SELECT * FROM `ny_content` WHERE ( upsort = '1.1.2.1' )  [ RunTime:0.0006s ]

[ 2016-06-01T09:55:07+08:00 ] ::1 /hgecms/index.php/Home/Index/index/id/1
INFO: [ app_init ] --START--
INFO: Run Behavior\BuildLiteBehavior [ RunTime:0.000013s ]
INFO: [ app_init ] --END-- [ RunTime:0.000374s ]
INFO: [ app_begin ] --START--
INFO: Run Behavior\ReadHtmlCacheBehavior [ RunTime:0.000527s ]
INFO: [ app_begin ] --END-- [ RunTime:0.000576s ]
SQL: SHOW COLUMNS FROM `ny_biaozhuntype` [ RunTime:0.0090s ]
SQL: SELECT * FROM `ny_biaozhuntype` WHERE ( pid = 0 )  [ RunTime:0.0009s ]
SQL: SELECT * FROM `ny_biaozhuntype` WHERE ( pid = 1 )  [ RunTime:0.0007s ]
NOTIC: [8] Undefined variable: sort D:\WWW\hgecms\hgecms\Home\Controller\IndexController.class.php 第 14 行.
INFO: [ view_parse ] --START--
INFO: [ template_filter ] --START--
INFO: Run Behavior\ContentReplaceBehavior [ RunTime:0.000250s ]
INFO: [ template_filter ] --END-- [ RunTime:0.000452s ]
INFO: Run Behavior\ParseTemplateBehavior [ RunTime:0.023028s ]
INFO: [ view_parse ] --END-- [ RunTime:0.023190s ]
INFO: [ view_filter ] --START--
INFO: Run Behavior\WriteHtmlCacheBehavior [ RunTime:0.000828s ]
INFO: [ view_filter ] --END-- [ RunTime:0.000932s ]
INFO: [ app_end ] --START--
INFO: Run Behavior\ShowPageTraceBehavior [ RunTime:0.001741s ]
INFO: [ app_end ] --END-- [ RunTime:0.001861s ]

[ 2016-06-01T09:55:08+08:00 ] ::1 /hgecms/index.php/Home/Index/getAjax.html?pid=7
INFO: [ app_init ] --START--
INFO: Run Behavior\BuildLiteBehavior [ RunTime:0.000012s ]
INFO: [ app_init ] --END-- [ RunTime:0.000286s ]
INFO: [ app_begin ] --START--
INFO: Run Behavior\ReadHtmlCacheBehavior [ RunTime:0.000405s ]
INFO: [ app_begin ] --END-- [ RunTime:0.000438s ]
SQL: SHOW COLUMNS FROM `ny_biaozhuntype` [ RunTime:0.0083s ]
SQL: SHOW COLUMNS FROM `ny_content` [ RunTime:0.0086s ]
SQL: SELECT `id`,`typename`,`details`,`pid`,`path`,`sort`,concat(path,'.',id) as bpath FROM `ny_biaozhuntype` GROUP BY bpath ORDER BY id asc  [ RunTime:0.0140s ]
SQL: SELECT * FROM `ny_content` WHERE ( upsort = '1.1.1.1' )  [ RunTime:0.0008s ]
SQL: SELECT * FROM `ny_content` WHERE ( upsort = '1.1.2.1' )  [ RunTime:0.0006s ]

[ 2016-06-01T09:55:13+08:00 ] ::1 /hgecms/index.php/Home/Index/index/id/1
INFO: [ app_init ] --START--
INFO: Run Behavior\BuildLiteBehavior [ RunTime:0.000017s ]
INFO: [ app_init ] --END-- [ RunTime:0.000422s ]
INFO: [ app_begin ] --START--
INFO: Run Behavior\ReadHtmlCacheBehavior [ RunTime:0.000571s ]
INFO: [ app_begin ] --END-- [ RunTime:0.000625s ]
SQL: SHOW COLUMNS FROM `ny_biaozhuntype` [ RunTime:0.0089s ]
SQL: SELECT * FROM `ny_biaozhuntype` WHERE ( pid = 0 )  [ RunTime:0.0008s ]
SQL: SELECT * FROM `ny_biaozhuntype` WHERE ( pid = 1 )  [ RunTime:0.0009s ]
NOTIC: [8] Undefined variable: sort D:\WWW\hgecms\hgecms\Home\Controller\IndexController.class.php 第 14 行.
INFO: [ view_parse ] --START--
INFO: [ template_filter ] --START--
INFO: Run Behavior\ContentReplaceBehavior [ RunTime:0.000155s ]
INFO: [ template_filter ] --END-- [ RunTime:0.000286s ]
INFO: Run Behavior\ParseTemplateBehavior [ RunTime:0.022648s ]
INFO: [ view_parse ] --END-- [ RunTime:0.022800s ]
INFO: [ view_filter ] --START--
INFO: Run Behavior\WriteHtmlCacheBehavior [ RunTime:0.000654s ]
INFO: [ view_filter ] --END-- [ RunTime:0.000753s ]
INFO: [ app_end ] --START--
INFO: Run Behavior\ShowPageTraceBehavior [ RunTime:0.001410s ]
INFO: [ app_end ] --END-- [ RunTime:0.001520s ]

[ 2016-06-01T09:55:14+08:00 ] ::1 /hgecms/index.php/Home/Index/getAjax.html?pid=7
INFO: [ app_init ] --START--
INFO: Run Behavior\BuildLiteBehavior [ RunTime:0.000022s ]
INFO: [ app_init ] --END-- [ RunTime:0.000505s ]
INFO: [ app_begin ] --START--
INFO: Run Behavior\ReadHtmlCacheBehavior [ RunTime:0.000615s ]
INFO: [ app_begin ] --END-- [ RunTime:0.000678s ]
SQL: SHOW COLUMNS FROM `ny_biaozhuntype` [ RunTime:0.0082s ]
SQL: SHOW COLUMNS FROM `ny_content` [ RunTime:0.0103s ]
SQL: SELECT `id`,`typename`,`details`,`pid`,`path`,`sort`,concat(path,'.',id) as bpath FROM `ny_biaozhuntype` GROUP BY bpath ORDER BY id asc  [ RunTime:0.0104s ]
SQL: SELECT * FROM `ny_content` WHERE ( upsort = '1.1.1.1' )  [ RunTime:0.0005s ]
SQL: SELECT * FROM `ny_content` WHERE ( upsort = '1.1.2.1' )  [ RunTime:0.0003s ]

[ 2016-06-01T09:55:43+08:00 ] ::1 /hgecms/index.php/Home/Index/index/id/1
INFO: [ app_init ] --START--
INFO: Run Behavior\BuildLiteBehavior [ RunTime:0.000012s ]
INFO: [ app_init ] --END-- [ RunTime:0.000296s ]
INFO: [ app_begin ] --START--
INFO: Run Behavior\ReadHtmlCacheBehavior [ RunTime:0.000377s ]
INFO: [ app_begin ] --END-- [ RunTime:0.000412s ]
SQL: SHOW COLUMNS FROM `ny_biaozhuntype` [ RunTime:0.0083s ]
SQL: SELECT * FROM `ny_biaozhuntype` WHERE ( pid = 0 )  [ RunTime:0.0008s ]
SQL: SELECT * FROM `ny_biaozhuntype` WHERE ( pid = 1 )  [ RunTime:0.0007s ]
NOTIC: [8] Undefined variable: sort D:\WWW\hgecms\hgecms\Home\Controller\IndexController.class.php 第 14 行.
INFO: [ view_parse ] --START--
INFO: [ template_filter ] --START--
INFO: Run Behavior\ContentReplaceBehavior [ RunTime:0.000149s ]
INFO: [ template_filter ] --END-- [ RunTime:0.000280s ]
INFO: Run Behavior\ParseTemplateBehavior [ RunTime:0.020770s ]
INFO: [ view_parse ] --END-- [ RunTime:0.020888s ]
INFO: [ view_filter ] --START--
INFO: Run Behavior\WriteHtmlCacheBehavior [ RunTime:0.000408s ]
INFO: [ view_filter ] --END-- [ RunTime:0.000484s ]
INFO: [ app_end ] --START--
INFO: Run Behavior\ShowPageTraceBehavior [ RunTime:0.000880s ]
INFO: [ app_end ] --END-- [ RunTime:0.000949s ]

[ 2016-06-01T09:55:45+08:00 ] ::1 /hgecms/index.php/Home/Index/getAjax.html?pid=7
INFO: [ app_init ] --START--
INFO: Run Behavior\BuildLiteBehavior [ RunTime:0.000018s ]
INFO: [ app_init ] --END-- [ RunTime:0.000824s ]
INFO: [ app_begin ] --START--
INFO: Run Behavior\ReadHtmlCacheBehavior [ RunTime:0.000501s ]
INFO: [ app_begin ] --END-- [ RunTime:0.000551s ]
SQL: SHOW COLUMNS FROM `ny_biaozhuntype` [ RunTime:0.0121s ]
SQL: SHOW COLUMNS FROM `ny_content` [ RunTime:0.0081s ]
SQL: SELECT `id`,`typename`,`details`,`pid`,`path`,`sort`,concat(path,'.',id) as bpath FROM `ny_biaozhuntype` GROUP BY bpath ORDER BY id asc  [ RunTime:0.0108s ]
SQL: SELECT * FROM `ny_content` WHERE ( upsort = '1.1.1.1' )  [ RunTime:0.0008s ]
SQL: SELECT * FROM `ny_content` WHERE ( upsort = '1.1.2.1' )  [ RunTime:0.0006s ]

[ 2016-06-01T09:55:47+08:00 ] ::1 /hgecms/index.php/Home/Index/index/id/1
INFO: [ app_init ] --START--
INFO: Run Behavior\BuildLiteBehavior [ RunTime:0.000025s ]
INFO: [ app_init ] --END-- [ RunTime:0.000494s ]
INFO: [ app_begin ] --START--
INFO: Run Behavior\ReadHtmlCacheBehavior [ RunTime:0.000626s ]
INFO: [ app_begin ] --END-- [ RunTime:0.000682s ]
SQL: SHOW COLUMNS FROM `ny_biaozhuntype` [ RunTime:0.0052s ]
SQL: SELECT * FROM `ny_biaozhuntype` WHERE ( pid = 0 )  [ RunTime:0.0005s ]
SQL: SELECT * FROM `ny_biaozhuntype` WHERE ( pid = 1 )  [ RunTime:0.0004s ]
NOTIC: [8] Undefined variable: sort D:\WWW\hgecms\hgecms\Home\Controller\IndexController.class.php 第 14 行.
INFO: [ view_parse ] --START--
INFO: [ template_filter ] --START--
INFO: Run Behavior\ContentReplaceBehavior [ RunTime:0.000071s ]
INFO: [ template_filter ] --END-- [ RunTime:0.000133s ]
INFO: Run Behavior\ParseTemplateBehavior [ RunTime:0.010347s ]
INFO: [ view_parse ] --END-- [ RunTime:0.010424s ]
INFO: [ view_filter ] --START--
INFO: Run Behavior\WriteHtmlCacheBehavior [ RunTime:0.000303s ]
INFO: [ view_filter ] --END-- [ RunTime:0.000350s ]
INFO: [ app_end ] --START--
INFO: Run Behavior\ShowPageTraceBehavior [ RunTime:0.000656s ]
INFO: [ app_end ] --END-- [ RunTime:0.000696s ]

[ 2016-06-01T09:55:48+08:00 ] ::1 /hgecms/index.php/Home/Index/getAjax.html?pid=7
INFO: [ app_init ] --START--
INFO: Run Behavior\BuildLiteBehavior [ RunTime:0.000018s ]
INFO: [ app_init ] --END-- [ RunTime:0.000429s ]
INFO: [ app_begin ] --START--
INFO: Run Behavior\ReadHtmlCacheBehavior [ RunTime:0.000612s ]
INFO: [ app_begin ] --END-- [ RunTime:0.000667s ]
SQL: SHOW COLUMNS FROM `ny_biaozhuntype` [ RunTime:0.0083s ]
SQL: SHOW COLUMNS FROM `ny_content` [ RunTime:0.0093s ]
SQL: SELECT `id`,`typename`,`details`,`pid`,`path`,`sort`,concat(path,'.',id) as bpath FROM `ny_biaozhuntype` GROUP BY bpath ORDER BY id asc  [ RunTime:0.0079s ]
SQL: SELECT * FROM `ny_content` WHERE ( upsort = '1.1.1.1' )  [ RunTime:0.0004s ]
SQL: SELECT * FROM `ny_content` WHERE ( upsort = '1.1.2.1' )  [ RunTime:0.0003s ]

[ 2016-06-01T09:56:59+08:00 ] ::1 /hgecms/index.php/Home/Index/index/id/1
INFO: [ app_init ] --START--
INFO: Run Behavior\BuildLiteBehavior [ RunTime:0.000014s ]
INFO: [ app_init ] --END-- [ RunTime:0.000336s ]
INFO: [ app_begin ] --START--
INFO: Run Behavior\ReadHtmlCacheBehavior [ RunTime:0.000458s ]
INFO: [ app_begin ] --END-- [ RunTime:0.000502s ]
SQL: SHOW COLUMNS FROM `ny_biaozhuntype` [ RunTime:0.0104s ]
SQL: SELECT * FROM `ny_biaozhuntype` WHERE ( pid = 0 )  [ RunTime:0.0008s ]
SQL: SELECT * FROM `ny_biaozhuntype` WHERE ( pid = 1 )  [ RunTime:0.0007s ]
NOTIC: [8] Undefined variable: sort D:\WWW\hgecms\hgecms\Home\Controller\IndexController.class.php 第 14 行.
INFO: [ view_parse ] --START--
INFO: [ template_filter ] --START--
INFO: Run Behavior\ContentReplaceBehavior [ RunTime:0.000163s ]
INFO: [ template_filter ] --END-- [ RunTime:0.000325s ]
INFO: Run Behavior\ParseTemplateBehavior [ RunTime:0.022025s ]
INFO: [ view_parse ] --END-- [ RunTime:0.022184s ]
INFO: [ view_filter ] --START--
INFO: Run Behavior\WriteHtmlCacheBehavior [ RunTime:0.000689s ]
INFO: [ view_filter ] --END-- [ RunTime:0.000790s ]
INFO: [ app_end ] --START--
INFO: Run Behavior\ShowPageTraceBehavior [ RunTime:0.001425s ]
INFO: [ app_end ] --END-- [ RunTime:0.001532s ]

[ 2016-06-01T09:57:00+08:00 ] ::1 /hgecms/index.php/Home/Index/getAjax.html?pid=7
INFO: [ app_init ] --START--
INFO: Run Behavior\BuildLiteBehavior [ RunTime:0.000014s ]
INFO: [ app_init ] --END-- [ RunTime:0.000317s ]
INFO: [ app_begin ] --START--
INFO: Run Behavior\ReadHtmlCacheBehavior [ RunTime:0.000385s ]
INFO: [ app_begin ] --END-- [ RunTime:0.000419s ]
SQL: SHOW COLUMNS FROM `ny_biaozhuntype` [ RunTime:0.0094s ]
SQL: SHOW COLUMNS FROM `ny_content` [ RunTime:0.0095s ]
SQL: SELECT `id`,`typename`,`details`,`pid`,`path`,`sort`,concat(path,'.',id) as bpath FROM `ny_biaozhuntype` GROUP BY bpath ORDER BY id asc  [ RunTime:0.0088s ]
SQL: SELECT * FROM `ny_content` WHERE ( upsort = '1.1.1.1' )  [ RunTime:0.0006s ]
SQL: SELECT * FROM `ny_content` WHERE ( upsort = '1.1.2.1' )  [ RunTime:0.0005s ]

[ 2016-06-01T09:57:20+08:00 ] ::1 /hgecms/index.php/Home/Index/index/id/1
INFO: [ app_init ] --START--
INFO: Run Behavior\BuildLiteBehavior [ RunTime:0.000015s ]
INFO: [ app_init ] --END-- [ RunTime:0.000386s ]
INFO: [ app_begin ] --START--
INFO: Run Behavior\ReadHtmlCacheBehavior [ RunTime:0.000481s ]
INFO: [ app_begin ] --END-- [ RunTime:0.000525s ]
SQL: SHOW COLUMNS FROM `ny_biaozhuntype` [ RunTime:0.0090s ]
SQL: SELECT * FROM `ny_biaozhuntype` WHERE ( pid = 0 )  [ RunTime:0.0007s ]
SQL: SELECT * FROM `ny_biaozhuntype` WHERE ( pid = 1 )  [ RunTime:0.0008s ]
NOTIC: [8] Undefined variable: sort D:\WWW\hgecms\hgecms\Home\Controller\IndexController.class.php 第 14 行.
INFO: [ view_parse ] --START--
INFO: [ template_filter ] --START--
INFO: Run Behavior\ContentReplaceBehavior [ RunTime:0.000071s ]
INFO: [ template_filter ] --END-- [ RunTime:0.000131s ]
INFO: Run Behavior\ParseTemplateBehavior [ RunTime:0.016323s ]
INFO: [ view_parse ] --END-- [ RunTime:0.016446s ]
INFO: [ view_filter ] --START--
INFO: Run Behavior\WriteHtmlCacheBehavior [ RunTime:0.000403s ]
INFO: [ view_filter ] --END-- [ RunTime:0.000453s ]
INFO: [ app_end ] --START--
INFO: Run Behavior\ShowPageTraceBehavior [ RunTime:0.000735s ]
INFO: [ app_end ] --END-- [ RunTime:0.000788s ]

[ 2016-06-01T09:57:21+08:00 ] ::1 /hgecms/index.php/Home/Index/getAjax.html?pid=7
INFO: [ app_init ] --START--
INFO: Run Behavior\BuildLiteBehavior [ RunTime:0.000013s ]
INFO: [ app_init ] --END-- [ RunTime:0.000314s ]
INFO: [ app_begin ] --START--
INFO: Run Behavior\ReadHtmlCacheBehavior [ RunTime:0.000408s ]
INFO: [ app_begin ] --END-- [ RunTime:0.000446s ]
SQL: SHOW COLUMNS FROM `ny_biaozhuntype` [ RunTime:0.0082s ]
SQL: SHOW COLUMNS FROM `ny_content` [ RunTime:0.0098s ]
SQL: SELECT `id`,`typename`,`details`,`pid`,`path`,`sort`,concat(path,'.',id) as bpath FROM `ny_biaozhuntype` GROUP BY bpath ORDER BY id asc  [ RunTime:0.0108s ]
SQL: SELECT * FROM `ny_content` WHERE ( upsort = '1.1.1.1' )  [ RunTime:0.0008s ]
SQL: SELECT * FROM `ny_content` WHERE ( upsort = '1.1.2.1' )  [ RunTime:0.0007s ]

[ 2016-06-01T09:57:52+08:00 ] ::1 /hgecms/index.php/Home/Index/index/id/1
INFO: [ app_init ] --START--
INFO: Run Behavior\BuildLiteBehavior [ RunTime:0.000015s ]
INFO: [ app_init ] --END-- [ RunTime:0.000374s ]
INFO: [ app_begin ] --START--
INFO: Run Behavior\ReadHtmlCacheBehavior [ RunTime:0.000448s ]
INFO: [ app_begin ] --END-- [ RunTime:0.000487s ]
SQL: SHOW COLUMNS FROM `ny_biaozhuntype` [ RunTime:0.0085s ]
SQL: SELECT * FROM `ny_biaozhuntype` WHERE ( pid = 0 )  [ RunTime:0.0011s ]
SQL: SELECT * FROM `ny_biaozhuntype` WHERE ( pid = 1 )  [ RunTime:0.0007s ]
NOTIC: [8] Undefined variable: sort D:\WWW\hgecms\hgecms\Home\Controller\IndexController.class.php 第 14 行.
INFO: [ view_parse ] --START--
INFO: [ template_filter ] --START--
INFO: Run Behavior\ContentReplaceBehavior [ RunTime:0.000162s ]
INFO: [ template_filter ] --END-- [ RunTime:0.000279s ]
INFO: Run Behavior\ParseTemplateBehavior [ RunTime:0.017427s ]
INFO: [ view_parse ] --END-- [ RunTime:0.017564s ]
INFO: [ view_filter ] --START--
INFO: Run Behavior\WriteHtmlCacheBehavior [ RunTime:0.000607s ]
INFO: [ view_filter ] --END-- [ RunTime:0.000694s ]
INFO: [ app_end ] --START--
INFO: Run Behavior\ShowPageTraceBehavior [ RunTime:0.001258s ]
INFO: [ app_end ] --END-- [ RunTime:0.001355s ]

[ 2016-06-01T09:57:53+08:00 ] ::1 /hgecms/index.php/Home/Index/getAjax.html?pid=7
INFO: [ app_init ] --START--
INFO: Run Behavior\BuildLiteBehavior [ RunTime:0.000012s ]
INFO: [ app_init ] --END-- [ RunTime:0.000295s ]
INFO: [ app_begin ] --START--
INFO: Run Behavior\ReadHtmlCacheBehavior [ RunTime:0.000395s ]
INFO: [ app_begin ] --END-- [ RunTime:0.000427s ]
SQL: SHOW COLUMNS FROM `ny_biaozhuntype` [ RunTime:0.0100s ]
SQL: SHOW COLUMNS FROM `ny_content` [ RunTime:0.0108s ]
SQL: SELECT `id`,`typename`,`details`,`pid`,`path`,`sort`,concat(path,'.',id) as bpath FROM `ny_biaozhuntype` GROUP BY bpath ORDER BY id asc  [ RunTime:0.0077s ]
SQL: SELECT * FROM `ny_content` WHERE ( upsort = '1.1.1.1' )  [ RunTime:0.0004s ]
SQL: SELECT * FROM `ny_content` WHERE ( upsort = '1.1.2.1' )  [ RunTime:0.0004s ]

[ 2016-06-01T09:58:13+08:00 ] ::1 /hgecms/index.php/Home/Index/index/id/1
INFO: [ app_init ] --START--
INFO: Run Behavior\BuildLiteBehavior [ RunTime:0.000015s ]
INFO: [ app_init ] --END-- [ RunTime:0.000344s ]
INFO: [ app_begin ] --START--
INFO: Run Behavior\ReadHtmlCacheBehavior [ RunTime:0.000460s ]
INFO: [ app_begin ] --END-- [ RunTime:0.000502s ]
SQL: SHOW COLUMNS FROM `ny_biaozhuntype` [ RunTime:0.0059s ]
SQL: SELECT * FROM `ny_biaozhuntype` WHERE ( pid = 0 )  [ RunTime:0.0006s ]
SQL: SELECT * FROM `ny_biaozhuntype` WHERE ( pid = 1 )  [ RunTime:0.0005s ]
NOTIC: [8] Undefined variable: sort D:\WWW\hgecms\hgecms\Home\Controller\IndexController.class.php 第 14 行.
INFO: [ view_parse ] --START--
INFO: [ template_filter ] --START--
INFO: Run Behavior\ContentReplaceBehavior [ RunTime:0.000160s ]
INFO: [ template_filter ] --END-- [ RunTime:0.000293s ]
INFO: Run Behavior\ParseTemplateBehavior [ RunTime:0.015438s ]
INFO: [ view_parse ] --END-- [ RunTime:0.015545s ]
INFO: [ view_filter ] --START--
INFO: Run Behavior\WriteHtmlCacheBehavior [ RunTime:0.000452s ]
INFO: [ view_filter ] --END-- [ RunTime:0.000521s ]
INFO: [ app_end ] --START--
INFO: Run Behavior\ShowPageTraceBehavior [ RunTime:0.001009s ]
INFO: [ app_end ] --END-- [ RunTime:0.001088s ]

[ 2016-06-01T09:58:14+08:00 ] ::1 /hgecms/index.php/Home/Index/getAjax.html?pid=7
INFO: [ app_init ] --START--
INFO: Run Behavior\BuildLiteBehavior [ RunTime:0.000017s ]
INFO: [ app_init ] --END-- [ RunTime:0.000438s ]
INFO: [ app_begin ] --START--
INFO: Run Behavior\ReadHtmlCacheBehavior [ RunTime:0.000572s ]
INFO: [ app_begin ] --END-- [ RunTime:0.000627s ]
SQL: SHOW COLUMNS FROM `ny_biaozhuntype` [ RunTime:0.0089s ]
SQL: SHOW COLUMNS FROM `ny_content` [ RunTime:0.0070s ]
SQL: SELECT `id`,`typename`,`details`,`pid`,`path`,`sort`,concat(path,'.',id) as bpath FROM `ny_biaozhuntype` GROUP BY bpath ORDER BY id asc  [ RunTime:0.0065s ]
SQL: SELECT * FROM `ny_content` WHERE ( upsort = '1.1.1.1' )  [ RunTime:0.0006s ]
SQL: SELECT * FROM `ny_content` WHERE ( upsort = '1.1.2.1' )  [ RunTime:0.0004s ]

[ 2016-06-01T09:58:36+08:00 ] ::1 /hgecms/index.php/Home/Index/index/id/1
INFO: [ app_init ] --START--
INFO: Run Behavior\BuildLiteBehavior [ RunTime:0.000015s ]
INFO: [ app_init ] --END-- [ RunTime:0.000394s ]
INFO: [ app_begin ] --START--
INFO: Run Behavior\ReadHtmlCacheBehavior [ RunTime:0.000475s ]
INFO: [ app_begin ] --END-- [ RunTime:0.000515s ]
SQL: SHOW COLUMNS FROM `ny_biaozhuntype` [ RunTime:0.0032s ]
SQL: SELECT * FROM `ny_biaozhuntype` WHERE ( pid = 0 )  [ RunTime:0.0004s ]
SQL: SELECT * FROM `ny_biaozhuntype` WHERE ( pid = 1 )  [ RunTime:0.0003s ]
NOTIC: [8] Undefined variable: sort D:\WWW\hgecms\hgecms\Home\Controller\IndexController.class.php 第 14 行.
INFO: [ view_parse ] --START--
INFO: [ template_filter ] --START--
INFO: Run Behavior\ContentReplaceBehavior [ RunTime:0.000049s ]
INFO: [ template_filter ] --END-- [ RunTime:0.000089s ]
INFO: Run Behavior\ParseTemplateBehavior [ RunTime:0.013472s ]
INFO: [ view_parse ] --END-- [ RunTime:0.013522s ]
INFO: [ view_filter ] --START--
INFO: Run Behavior\WriteHtmlCacheBehavior [ RunTime:0.000215s ]
INFO: [ view_filter ] --END-- [ RunTime:0.000241s ]
INFO: [ app_end ] --START--
INFO: Run Behavior\ShowPageTraceBehavior [ RunTime:0.000446s ]
INFO: [ app_end ] --END-- [ RunTime:0.000480s ]

[ 2016-06-01T09:58:37+08:00 ] ::1 /hgecms/index.php/Home/Index/getAjax.html?pid=7
INFO: [ app_init ] --START--
INFO: Run Behavior\BuildLiteBehavior [ RunTime:0.000013s ]
INFO: [ app_init ] --END-- [ RunTime:0.000306s ]
INFO: [ app_begin ] --START--
INFO: Run Behavior\ReadHtmlCacheBehavior [ RunTime:0.000404s ]
INFO: [ app_begin ] --END-- [ RunTime:0.000441s ]
SQL: SHOW COLUMNS FROM `ny_biaozhuntype` [ RunTime:0.0092s ]
SQL: SHOW COLUMNS FROM `ny_content` [ RunTime:0.0088s ]
SQL: SELECT `id`,`typename`,`details`,`pid`,`path`,`sort`,concat(path,'.',id) as bpath FROM `ny_biaozhuntype` GROUP BY bpath ORDER BY id asc  [ RunTime:0.0110s ]
SQL: SELECT * FROM `ny_content` WHERE ( upsort = '1.1.1.1' )  [ RunTime:0.0008s ]
SQL: SELECT * FROM `ny_content` WHERE ( upsort = '1.1.2.1' )  [ RunTime:0.0007s ]

[ 2016-06-01T09:59:35+08:00 ] ::1 /hgecms/index.php/Home/Index/getAjax.html?pid=7
INFO: [ app_init ] --START--
INFO: Run Behavior\BuildLiteBehavior [ RunTime:0.000019s ]
INFO: [ app_init ] --END-- [ RunTime:0.000444s ]
INFO: [ app_begin ] --START--
INFO: Run Behavior\ReadHtmlCacheBehavior [ RunTime:0.000711s ]
INFO: [ app_begin ] --END-- [ RunTime:0.000793s ]
SQL: SHOW COLUMNS FROM `ny_biaozhuntype` [ RunTime:0.0089s ]
SQL: SHOW COLUMNS FROM `ny_content` [ RunTime:0.0088s ]
SQL: SELECT `id`,`typename`,`details`,`pid`,`path`,`sort`,concat(path,'.',id) as bpath FROM `ny_biaozhuntype` GROUP BY bpath ORDER BY id asc  [ RunTime:0.0105s ]
SQL: SELECT * FROM `ny_content` WHERE ( upsort = '1.1.1.1' )  [ RunTime:0.0007s ]
SQL: SELECT * FROM `ny_content` WHERE ( upsort = '1.1.2.1' )  [ RunTime:0.0005s ]

[ 2016-06-01T09:59:39+08:00 ] ::1 /hgecms/index.php/Home/Index/index/id/1
INFO: [ app_init ] --START--
INFO: Run Behavior\BuildLiteBehavior [ RunTime:0.000012s ]
INFO: [ app_init ] --END-- [ RunTime:0.000310s ]
INFO: [ app_begin ] --START--
INFO: Run Behavior\ReadHtmlCacheBehavior [ RunTime:0.000459s ]
INFO: [ app_begin ] --END-- [ RunTime:0.000499s ]
SQL: SHOW COLUMNS FROM `ny_biaozhuntype` [ RunTime:0.0107s ]
SQL: SELECT * FROM `ny_biaozhuntype` WHERE ( pid = 0 )  [ RunTime:0.0009s ]
SQL: SELECT * FROM `ny_biaozhuntype` WHERE ( pid = 1 )  [ RunTime:0.0007s ]
NOTIC: [8] Undefined variable: sort D:\WWW\hgecms\hgecms\Home\Controller\IndexController.class.php 第 14 行.
INFO: [ view_parse ] --START--
INFO: [ template_filter ] --START--
INFO: Run Behavior\ContentReplaceBehavior [ RunTime:0.000152s ]
INFO: [ template_filter ] --END-- [ RunTime:0.000287s ]
INFO: Run Behavior\ParseTemplateBehavior [ RunTime:0.022142s ]
INFO: [ view_parse ] --END-- [ RunTime:0.022257s ]
INFO: [ view_filter ] --START--
INFO: Run Behavior\WriteHtmlCacheBehavior [ RunTime:0.000380s ]
INFO: [ view_filter ] --END-- [ RunTime:0.000438s ]
INFO: [ app_end ] --START--
INFO: Run Behavior\ShowPageTraceBehavior [ RunTime:0.000806s ]
INFO: [ app_end ] --END-- [ RunTime:0.000870s ]

[ 2016-06-01T09:59:40+08:00 ] ::1 /hgecms/index.php/Home/Index/getAjax.html?pid=7
INFO: [ app_init ] --START--
INFO: Run Behavior\BuildLiteBehavior [ RunTime:0.000020s ]
INFO: [ app_init ] --END-- [ RunTime:0.000449s ]
INFO: [ app_begin ] --START--
INFO: Run Behavior\ReadHtmlCacheBehavior [ RunTime:0.000617s ]
INFO: [ app_begin ] --END-- [ RunTime:0.000675s ]
SQL: SHOW COLUMNS FROM `ny_biaozhuntype` [ RunTime:0.0100s ]
SQL: SHOW COLUMNS FROM `ny_content` [ RunTime:0.0096s ]
SQL: SELECT `id`,`typename`,`details`,`pid`,`path`,`sort`,concat(path,'.',id) as bpath FROM `ny_biaozhuntype` GROUP BY bpath ORDER BY id asc  [ RunTime:0.0097s ]
SQL: SELECT * FROM `ny_content` WHERE ( upsort = '1.1.1.1' )  [ RunTime:0.0005s ]
SQL: SELECT * FROM `ny_content` WHERE ( upsort = '1.1.2.1' )  [ RunTime:0.0004s ]

[ 2016-06-01T09:59:44+08:00 ] ::1 /hgecms/index.php/Home/Index/content/id/1
INFO: [ app_init ] --START--
INFO: Run Behavior\BuildLiteBehavior [ RunTime:0.000019s ]
INFO: [ app_init ] --END-- [ RunTime:0.000536s ]
INFO: [ app_begin ] --START--
INFO: Run Behavior\ReadHtmlCacheBehavior [ RunTime:0.000672s ]
INFO: [ app_begin ] --END-- [ RunTime:0.000740s ]
ERR: 非法操作:content

[ 2016-06-01T10:00:42+08:00 ] ::1 /hgecms/index.php/Home/Index/index/id/1
INFO: [ app_init ] --START--
INFO: Run Behavior\BuildLiteBehavior [ RunTime:0.000016s ]
INFO: [ app_init ] --END-- [ RunTime:0.000426s ]
INFO: [ app_begin ] --START--
INFO: Run Behavior\ReadHtmlCacheBehavior [ RunTime:0.000511s ]
INFO: [ app_begin ] --END-- [ RunTime:0.000555s ]
SQL: SHOW COLUMNS FROM `ny_biaozhuntype` [ RunTime:0.0028s ]
SQL: SELECT * FROM `ny_biaozhuntype` WHERE ( pid = 0 )  [ RunTime:0.0003s ]
SQL: SELECT * FROM `ny_biaozhuntype` WHERE ( pid = 1 )  [ RunTime:0.0002s ]
NOTIC: [8] Undefined variable: sort D:\WWW\hgecms\hgecms\Home\Controller\IndexController.class.php 第 14 行.
INFO: [ view_parse ] --START--
INFO: [ template_filter ] --START--
INFO: Run Behavior\ContentReplaceBehavior [ RunTime:0.000043s ]
INFO: [ template_filter ] --END-- [ RunTime:0.000079s ]
INFO: Run Behavior\ParseTemplateBehavior [ RunTime:0.005835s ]
INFO: [ view_parse ] --END-- [ RunTime:0.005872s ]
INFO: [ view_filter ] --START--
INFO: Run Behavior\WriteHtmlCacheBehavior [ RunTime:0.000212s ]
INFO: [ view_filter ] --END-- [ RunTime:0.000238s ]
INFO: [ app_end ] --START--
INFO: Run Behavior\ShowPageTraceBehavior [ RunTime:0.000431s ]
INFO: [ app_end ] --END-- [ RunTime:0.000459s ]

[ 2016-06-01T10:00:43+08:00 ] ::1 /hgecms/index.php/Home/Index/getAjax.html?pid=7
INFO: [ app_init ] --START--
INFO: Run Behavior\BuildLiteBehavior [ RunTime:0.000013s ]
INFO: [ app_init ] --END-- [ RunTime:0.000379s ]
INFO: [ app_begin ] --START--
INFO: Run Behavior\ReadHtmlCacheBehavior [ RunTime:0.000393s ]
INFO: [ app_begin ] --END-- [ RunTime:0.000428s ]
SQL: SHOW COLUMNS FROM `ny_biaozhuntype` [ RunTime:0.0114s ]
SQL: SHOW COLUMNS FROM `ny_content` [ RunTime:0.0094s ]
SQL: SELECT `id`,`typename`,`details`,`pid`,`path`,`sort`,concat(path,'.',id) as bpath FROM `ny_biaozhuntype` GROUP BY bpath ORDER BY id asc  [ RunTime:0.0081s ]
SQL: SELECT * FROM `ny_content` WHERE ( upsort = '1.1.1.1' )  [ RunTime:0.0005s ]
SQL: SELECT * FROM `ny_content` WHERE ( upsort = '1.1.2.1' )  [ RunTime:0.0004s ]

[ 2016-06-01T10:00:47+08:00 ] ::1 /hgecms/index.php/Home/Index/content/id/1
INFO: [ app_init ] --START--
INFO: Run Behavior\BuildLiteBehavior [ RunTime:0.000028s ]
INFO: [ app_init ] --END-- [ RunTime:0.000508s ]
INFO: [ app_begin ] --START--
INFO: Run Behavior\ReadHtmlCacheBehavior [ RunTime:0.000721s ]
INFO: [ app_begin ] --END-- [ RunTime:0.000802s ]
ERR: 模板不存在:./hgecms/Home/View/Index/content.html

[ 2016-06-01T10:05:06+08:00 ] ::1 /hgecms/index.php/Home/Index/content/id/1
INFO: [ app_init ] --START--
INFO: Run Behavior\BuildLiteBehavior [ RunTime:0.000019s ]
INFO: [ app_init ] --END-- [ RunTime:0.000538s ]
INFO: [ app_begin ] --START--
INFO: Run Behavior\ReadHtmlCacheBehavior [ RunTime:0.000544s ]
INFO: [ app_begin ] --END-- [ RunTime:0.000597s ]
INFO: [ view_parse ] --START--
INFO: [ template_filter ] --START--
INFO: Run Behavior\ContentReplaceBehavior [ RunTime:0.000037s ]
INFO: [ template_filter ] --END-- [ RunTime:0.000081s ]
INFO: Run Behavior\ParseTemplateBehavior [ RunTime:0.056467s ]
INFO: [ view_parse ] --END-- [ RunTime:0.056527s ]
INFO: [ view_filter ] --START--
INFO: Run Behavior\WriteHtmlCacheBehavior [ RunTime:0.000266s ]
INFO: [ view_filter ] --END-- [ RunTime:0.000298s ]
INFO: [ app_end ] --START--
INFO: Run Behavior\ShowPageTraceBehavior [ RunTime:0.000432s ]
INFO: [ app_end ] --END-- [ RunTime:0.000471s ]

[ 2016-06-01T10:05:06+08:00 ] ::1 /hgecms/index.php/Home/Index/content/id/css/style.css
INFO: [ app_init ] --START--
INFO: Run Behavior\BuildLiteBehavior [ RunTime:0.000020s ]
INFO: [ app_init ] --END-- [ RunTime:0.000674s ]
INFO: [ app_begin ] --START--
INFO: Run Behavior\ReadHtmlCacheBehavior [ RunTime:0.000424s ]
INFO: [ app_begin ] --END-- [ RunTime:0.000463s ]
INFO: [ view_parse ] --START--
INFO: [ template_filter ] --START--
INFO: Run Behavior\ContentReplaceBehavior [ RunTime:0.000035s ]
INFO: [ template_filter ] --END-- [ RunTime:0.000080s ]
INFO: Run Behavior\ParseTemplateBehavior [ RunTime:0.005031s ]
INFO: [ view_parse ] --END-- [ RunTime:0.005070s ]
INFO: [ view_filter ] --START--
INFO: Run Behavior\WriteHtmlCacheBehavior [ RunTime:0.000196s ]
INFO: [ view_filter ] --END-- [ RunTime:0.000228s ]
INFO: [ app_end ] --START--
INFO: Run Behavior\ShowPageTraceBehavior [ RunTime:0.000392s ]
INFO: [ app_end ] --END-- [ RunTime:0.000420s ]

[ 2016-06-01T10:05:06+08:00 ] ::1 /hgecms/index.php/Home/Index/content/id/upload/20131025150929.jpg
INFO: [ app_init ] --START--
INFO: Run Behavior\BuildLiteBehavior [ RunTime:0.000018s ]
INFO: [ app_init ] --END-- [ RunTime:0.000385s ]

[ 2016-06-01T10:05:07+08:00 ] ::1 /hgecms/index.php/Home/Index/content/id/images/search.jpg
INFO: [ app_init ] --START--
INFO: Run Behavior\BuildLiteBehavior [ RunTime:0.000076s ]
INFO: [ app_init ] --END-- [ RunTime:0.000794s ]

[ 2016-06-01T10:05:07+08:00 ] ::1 /hgecms/index.php/Home/Index/content/id/images/search.jpg
INFO: [ app_init ] --START--
INFO: Run Behavior\BuildLiteBehavior [ RunTime:0.000021s ]
INFO: [ app_init ] --END-- [ RunTime:0.000608s ]

[ 2016-06-01T10:05:58+08:00 ] ::1 /hgecms/index.php/Home/Index/content/id/1
INFO: [ app_init ] --START--
INFO: Run Behavior\BuildLiteBehavior [ RunTime:0.000012s ]
INFO: [ app_init ] --END-- [ RunTime:0.000281s ]
INFO: [ app_begin ] --START--
INFO: Run Behavior\ReadHtmlCacheBehavior [ RunTime:0.000368s ]
INFO: [ app_begin ] --END-- [ RunTime:0.000403s ]
INFO: [ view_parse ] --START--
INFO: [ template_filter ] --START--
INFO: Run Behavior\ContentReplaceBehavior [ RunTime:0.000040s ]
INFO: [ template_filter ] --END-- [ RunTime:0.000083s ]
INFO: Run Behavior\ParseTemplateBehavior [ RunTime:0.004355s ]
INFO: [ view_parse ] --END-- [ RunTime:0.004395s ]
INFO: [ view_filter ] --START--
INFO: Run Behavior\WriteHtmlCacheBehavior [ RunTime:0.000217s ]
INFO: [ view_filter ] --END-- [ RunTime:0.000247s ]
INFO: [ app_end ] --START--
INFO: Run Behavior\ShowPageTraceBehavior [ RunTime:0.000404s ]
INFO: [ app_end ] --END-- [ RunTime:0.000433s ]

[ 2016-06-01T10:05:58+08:00 ] ::1 /hgecms/index.php/Home/Index/content/id/images/search.jpg
INFO: [ app_init ] --START--
INFO: Run Behavior\BuildLiteBehavior [ RunTime:0.000012s ]
INFO: [ app_init ] --END-- [ RunTime:0.000287s ]

[ 2016-06-01T10:05:59+08:00 ] ::1 /hgecms/index.php/Home/Index/content/id/images/search.jpg
INFO: [ app_init ] --START--
INFO: Run Behavior\BuildLiteBehavior [ RunTime:0.000012s ]
INFO: [ app_init ] --END-- [ RunTime:0.000287s ]

[ 2016-06-01T10:05:59+08:00 ] ::1 /hgecms/index.php/Home/Index/content/id/upload/20131025150929.jpg
INFO: [ app_init ] --START--
INFO: Run Behavior\BuildLiteBehavior [ RunTime:0.000021s ]
INFO: [ app_init ] --END-- [ RunTime:0.000533s ]

[ 2016-06-01T10:06:21+08:00 ] ::1 /hgecms/index.php/Home/Index/content/id/1
INFO: [ app_init ] --START--
INFO: Run Behavior\BuildLiteBehavior [ RunTime:0.000035s ]
INFO: [ app_init ] --END-- [ RunTime:0.000501s ]
INFO: [ app_begin ] --START--
INFO: Run Behavior\ReadHtmlCacheBehavior [ RunTime:0.000503s ]
INFO: [ app_begin ] --END-- [ RunTime:0.000554s ]
INFO: [ view_parse ] --START--
INFO: [ template_filter ] --START--
INFO: Run Behavior\ContentReplaceBehavior [ RunTime:0.000037s ]
INFO: [ template_filter ] --END-- [ RunTime:0.000070s ]
INFO: Run Behavior\ParseTemplateBehavior [ RunTime:0.004075s ]
INFO: [ view_parse ] --END-- [ RunTime:0.004110s ]
INFO: [ view_filter ] --START--
INFO: Run Behavior\WriteHtmlCacheBehavior [ RunTime:0.000175s ]
INFO: [ view_filter ] --END-- [ RunTime:0.000212s ]
INFO: [ app_end ] --START--
INFO: Run Behavior\ShowPageTraceBehavior [ RunTime:0.000411s ]
INFO: [ app_end ] --END-- [ RunTime:0.000437s ]

[ 2016-06-01T10:06:21+08:00 ] ::1 /hgecms/index.php/Home/Index/content/id/upload/20131025150929.jpg
INFO: [ app_init ] --START--
INFO: Run Behavior\BuildLiteBehavior [ RunTime:0.000018s ]
INFO: [ app_init ] --END-- [ RunTime:0.000444s ]

[ 2016-06-01T10:07:01+08:00 ] ::1 /hgecms/index.php/Home/Index/content/id/1
INFO: [ app_init ] --START--
INFO: Run Behavior\BuildLiteBehavior [ RunTime:0.000010s ]
INFO: [ app_init ] --END-- [ RunTime:0.000308s ]
INFO: [ app_begin ] --START--
INFO: Run Behavior\ReadHtmlCacheBehavior [ RunTime:0.000430s ]
INFO: [ app_begin ] --END-- [ RunTime:0.000464s ]
INFO: [ view_parse ] --START--
INFO: [ template_filter ] --START--
INFO: Run Behavior\ContentReplaceBehavior [ RunTime:0.000071s ]
INFO: [ template_filter ] --END-- [ RunTime:0.000115s ]
INFO: Run Behavior\ParseTemplateBehavior [ RunTime:0.012905s ]
INFO: [ view_parse ] --END-- [ RunTime:0.012941s ]
INFO: [ view_filter ] --START--
INFO: Run Behavior\WriteHtmlCacheBehavior [ RunTime:0.000214s ]
INFO: [ view_filter ] --END-- [ RunTime:0.000240s ]
INFO: [ app_end ] --START--
INFO: Run Behavior\ShowPageTraceBehavior [ RunTime:0.000413s ]
INFO: [ app_end ] --END-- [ RunTime:0.000441s ]

[ 2016-06-01T10:07:01+08:00 ] ::1 /hgecms/index.php/Home/Index/content/id/upload/20131025150929.jpg
INFO: [ app_init ] --START--
INFO: Run Behavior\BuildLiteBehavior [ RunTime:0.000012s ]
INFO: [ app_init ] --END-- [ RunTime:0.000285s ]

[ 2016-06-01T10:08:58+08:00 ] ::1 /hgecms/index.php/Home/Index/content/id/1
INFO: [ app_init ] --START--
INFO: Run Behavior\BuildLiteBehavior [ RunTime:0.000013s ]
INFO: [ app_init ] --END-- [ RunTime:0.000323s ]
INFO: [ app_begin ] --START--
INFO: Run Behavior\ReadHtmlCacheBehavior [ RunTime:0.000446s ]
INFO: [ app_begin ] --END-- [ RunTime:0.000495s ]
SQL: SHOW COLUMNS FROM `ny_content` [ RunTime:0.0113s ]
SQL: SELECT * FROM `ny_content` WHERE ( id = 1 ) LIMIT 1   [ RunTime:0.0011s ]

[ 2016-06-01T10:10:46+08:00 ] ::1 /hgecms/index.php/Home/Index/content/id/1
INFO: [ app_init ] --START--
INFO: Run Behavior\BuildLiteBehavior [ RunTime:0.000013s ]
INFO: [ app_init ] --END-- [ RunTime:0.000372s ]
INFO: [ app_begin ] --START--
INFO: Run Behavior\ReadHtmlCacheBehavior [ RunTime:0.000736s ]
INFO: [ app_begin ] --END-- [ RunTime:0.000786s ]
SQL: SHOW COLUMNS FROM `ny_content` [ RunTime:0.0106s ]
SQL: SELECT * FROM `ny_content` WHERE ( id = 1 ) LIMIT 1   [ RunTime:0.0011s ]
ERR: Think\Controller:assgin方法不存在！

[ 2016-06-01T10:11:04+08:00 ] ::1 /hgecms/index.php/Home/Index/content/id/1
INFO: [ app_init ] --START--
INFO: Run Behavior\BuildLiteBehavior [ RunTime:0.000014s ]
INFO: [ app_init ] --END-- [ RunTime:0.000317s ]
INFO: [ app_begin ] --START--
INFO: Run Behavior\ReadHtmlCacheBehavior [ RunTime:0.000421s ]
INFO: [ app_begin ] --END-- [ RunTime:0.000460s ]
SQL: SHOW COLUMNS FROM `ny_content` [ RunTime:0.0099s ]
SQL: SELECT * FROM `ny_content` WHERE ( id = 1 ) LIMIT 1   [ RunTime:0.0011s ]
INFO: [ view_parse ] --START--
INFO: [ template_filter ] --START--
INFO: Run Behavior\ContentReplaceBehavior [ RunTime:0.000150s ]
INFO: [ template_filter ] --END-- [ RunTime:0.000303s ]
NOTIC: [8] Undefined index: author D:\WWW\hgecms\hgecms\Runtime\Cache\Home\bc02fc9d527a301653be00d73e323896.php 第 34 行.
INFO: Run Behavior\ParseTemplateBehavior [ RunTime:0.021073s ]
INFO: [ view_parse ] --END-- [ RunTime:0.021284s ]
INFO: [ view_filter ] --START--
INFO: Run Behavior\WriteHtmlCacheBehavior [ RunTime:0.000886s ]
INFO: [ view_filter ] --END-- [ RunTime:0.001009s ]
INFO: [ app_end ] --START--
INFO: Run Behavior\ShowPageTraceBehavior [ RunTime:0.001578s ]
INFO: [ app_end ] --END-- [ RunTime:0.001691s ]

[ 2016-06-01T10:11:04+08:00 ] ::1 /hgecms/index.php/Home/Index/content/id/upload/20131025150929.jpg
INFO: [ app_init ] --START--
INFO: Run Behavior\BuildLiteBehavior [ RunTime:0.000017s ]
INFO: [ app_init ] --END-- [ RunTime:0.000413s ]

[ 2016-06-01T10:11:48+08:00 ] ::1 /hgecms/index.php/Home/Index/content/id/1
INFO: [ app_init ] --START--
INFO: Run Behavior\BuildLiteBehavior [ RunTime:0.000024s ]
INFO: [ app_init ] --END-- [ RunTime:0.000629s ]
INFO: [ app_begin ] --START--
INFO: Run Behavior\ReadHtmlCacheBehavior [ RunTime:0.000713s ]
INFO: [ app_begin ] --END-- [ RunTime:0.000795s ]
SQL: SHOW COLUMNS FROM `ny_content` [ RunTime:0.0145s ]
SQL: SELECT * FROM `ny_content` WHERE ( id = 1 ) LIMIT 1   [ RunTime:0.0011s ]
INFO: [ view_parse ] --START--
INFO: [ template_filter ] --START--
INFO: Run Behavior\ContentReplaceBehavior [ RunTime:0.000074s ]
INFO: [ template_filter ] --END-- [ RunTime:0.000144s ]
NOTIC: [8] Undefined index: author D:\WWW\hgecms\hgecms\Runtime\Cache\Home\bc02fc9d527a301653be00d73e323896.php 第 34 行.
INFO: Run Behavior\ParseTemplateBehavior [ RunTime:0.010631s ]
INFO: [ view_parse ] --END-- [ RunTime:0.010726s ]
INFO: [ view_filter ] --START--
INFO: Run Behavior\WriteHtmlCacheBehavior [ RunTime:0.000398s ]
INFO: [ view_filter ] --END-- [ RunTime:0.000454s ]
INFO: [ app_end ] --START--
INFO: Run Behavior\ShowPageTraceBehavior [ RunTime:0.000829s ]
INFO: [ app_end ] --END-- [ RunTime:0.000891s ]

[ 2016-06-01T11:07:10+08:00 ] ::1 /hgecms/index.php/Home/Index/getAjax.html?pid=7
INFO: [ app_init ] --START--
INFO: Run Behavior\BuildLiteBehavior [ RunTime:0.000020s ]
INFO: [ app_init ] --END-- [ RunTime:0.000493s ]
INFO: [ app_begin ] --START--
INFO: Run Behavior\ReadHtmlCacheBehavior [ RunTime:0.000788s ]
INFO: [ app_begin ] --END-- [ RunTime:0.000865s ]
SQL: SHOW COLUMNS FROM `ny_biaozhuntype` [ RunTime:0.0056s ]
SQL: SHOW COLUMNS FROM `ny_content` [ RunTime:0.0069s ]
SQL: SELECT `id`,`typename`,`details`,`pid`,`path`,`sort`,concat(path,'.',id) as bpath FROM `ny_biaozhuntype` GROUP BY bpath ORDER BY id asc  [ RunTime:0.0067s ]
SQL: SELECT * FROM `ny_content` WHERE ( upsort = '1.1.1.1' )  [ RunTime:0.0005s ]
SQL: SELECT * FROM `ny_content` WHERE ( upsort = '1.1.2.1' )  [ RunTime:0.0004s ]

[ 2016-06-01T11:11:20+08:00 ] ::1 /hgecms/index.php/Home/Index/
INFO: [ app_init ] --START--
INFO: Run Behavior\BuildLiteBehavior [ RunTime:0.000013s ]
INFO: [ app_init ] --END-- [ RunTime:0.000325s ]
INFO: [ app_begin ] --START--
INFO: Run Behavior\ReadHtmlCacheBehavior [ RunTime:0.000493s ]
INFO: [ app_begin ] --END-- [ RunTime:0.000547s ]
SQL: SHOW COLUMNS FROM `ny_biaozhuntype` [ RunTime:0.0098s ]
SQL: SELECT * FROM `ny_biaozhuntype` WHERE ( pid = 0 )  [ RunTime:0.0009s ]
SQL: SELECT * FROM `ny_biaozhuntype` WHERE ( pid = 1 )  [ RunTime:0.0008s ]
NOTIC: [8] Undefined variable: sort D:\WWW\hgecms\hgecms\Home\Controller\IndexController.class.php 第 14 行.
INFO: [ view_parse ] --START--
INFO: [ template_filter ] --START--
INFO: Run Behavior\ContentReplaceBehavior [ RunTime:0.000130s ]
INFO: [ template_filter ] --END-- [ RunTime:0.000234s ]
INFO: Run Behavior\ParseTemplateBehavior [ RunTime:0.020514s ]
INFO: [ view_parse ] --END-- [ RunTime:0.020638s ]
INFO: [ view_filter ] --START--
INFO: Run Behavior\WriteHtmlCacheBehavior [ RunTime:0.000514s ]
INFO: [ view_filter ] --END-- [ RunTime:0.000579s ]
INFO: [ app_end ] --START--
INFO: Run Behavior\ShowPageTraceBehavior [ RunTime:0.001244s ]
INFO: [ app_end ] --END-- [ RunTime:0.001324s ]

[ 2016-06-01T11:11:22+08:00 ] ::1 /hgecms/index.php/Home/Index/getAjax.html?pid=7
INFO: [ app_init ] --START--
INFO: Run Behavior\BuildLiteBehavior [ RunTime:0.000013s ]
INFO: [ app_init ] --END-- [ RunTime:0.000295s ]
INFO: [ app_begin ] --START--
INFO: Run Behavior\ReadHtmlCacheBehavior [ RunTime:0.000377s ]
INFO: [ app_begin ] --END-- [ RunTime:0.000409s ]
SQL: SHOW COLUMNS FROM `ny_biaozhuntype` [ RunTime:0.0198s ]
SQL: SHOW COLUMNS FROM `ny_content` [ RunTime:0.0084s ]
SQL: SELECT `id`,`typename`,`details`,`pid`,`path`,`sort`,concat(path,'.',id) as bpath FROM `ny_biaozhuntype` GROUP BY bpath ORDER BY id asc  [ RunTime:0.0188s ]
SQL: SELECT * FROM `ny_content` WHERE ( upsort = '1.1.1.1' )  [ RunTime:0.0005s ]
SQL: SELECT * FROM `ny_content` WHERE ( upsort = '1.1.2.1' )  [ RunTime:0.0004s ]

[ 2016-06-01T12:08:31+08:00 ] ::1 /hgecms/index.php/Home/Index/index/id/1
INFO: [ app_init ] --START--
INFO: Run Behavior\BuildLiteBehavior [ RunTime:0.000013s ]
INFO: [ app_init ] --END-- [ RunTime:0.000367s ]
INFO: [ app_begin ] --START--
INFO: Run Behavior\ReadHtmlCacheBehavior [ RunTime:0.000748s ]
INFO: [ app_begin ] --END-- [ RunTime:0.000845s ]
SQL: SHOW COLUMNS FROM `ny_biaozhuntype` [ RunTime:0.0110s ]
SQL: SELECT * FROM `ny_biaozhuntype` WHERE ( pid = 0 )  [ RunTime:0.0011s ]
SQL: SELECT * FROM `ny_biaozhuntype` WHERE ( pid = 1 )  [ RunTime:0.0008s ]
NOTIC: [8] Undefined variable: sort D:\WWW\hgecms\hgecms\Home\Controller\IndexController.class.php 第 14 行.
INFO: [ view_parse ] --START--
INFO: [ template_filter ] --START--
INFO: Run Behavior\ContentReplaceBehavior [ RunTime:0.000230s ]
INFO: [ template_filter ] --END-- [ RunTime:0.000425s ]
INFO: Run Behavior\ParseTemplateBehavior [ RunTime:0.029144s ]
INFO: [ view_parse ] --END-- [ RunTime:0.029354s ]
INFO: [ view_filter ] --START--
INFO: Run Behavior\WriteHtmlCacheBehavior [ RunTime:0.002501s ]
INFO: [ view_filter ] --END-- [ RunTime:0.002711s ]
INFO: [ app_end ] --START--
INFO: Run Behavior\ShowPageTraceBehavior [ RunTime:0.000695s ]
INFO: [ app_end ] --END-- [ RunTime:0.000764s ]

[ 2016-06-01T12:08:32+08:00 ] ::1 /hgecms/index.php/Home/Index/getAjax.html?pid=7
INFO: [ app_init ] --START--
INFO: Run Behavior\BuildLiteBehavior [ RunTime:0.000065s ]
INFO: [ app_init ] --END-- [ RunTime:0.000757s ]
INFO: [ app_begin ] --START--
INFO: Run Behavior\ReadHtmlCacheBehavior [ RunTime:0.000471s ]
INFO: [ app_begin ] --END-- [ RunTime:0.000511s ]
SQL: SHOW COLUMNS FROM `ny_biaozhuntype` [ RunTime:0.0112s ]
SQL: SHOW COLUMNS FROM `ny_content` [ RunTime:0.0103s ]
SQL: SELECT `id`,`typename`,`details`,`pid`,`path`,`sort`,concat(path,'.',id) as bpath FROM `ny_biaozhuntype` GROUP BY bpath ORDER BY id asc  [ RunTime:0.0060s ]
SQL: SELECT * FROM `ny_content` WHERE ( upsort = '1.1.1.1' )  [ RunTime:0.0005s ]
SQL: SELECT * FROM `ny_content` WHERE ( upsort = '1.1.2.1' )  [ RunTime:0.0003s ]

[ 2016-06-01T12:14:32+08:00 ] ::1 /hgecms/index.php/Home/Index/index/id/1
INFO: [ app_init ] --START--
INFO: Run Behavior\BuildLiteBehavior [ RunTime:0.000015s ]
INFO: [ app_init ] --END-- [ RunTime:0.000417s ]
INFO: [ app_begin ] --START--
INFO: Run Behavior\ReadHtmlCacheBehavior [ RunTime:0.000591s ]
INFO: [ app_begin ] --END-- [ RunTime:0.000645s ]
SQL: SHOW COLUMNS FROM `ny_biaozhuntype` [ RunTime:0.0097s ]
SQL: SELECT * FROM `ny_biaozhuntype` WHERE ( pid = 0 )  [ RunTime:0.0009s ]
SQL: SELECT * FROM `ny_biaozhuntype` WHERE ( pid = 1 )  [ RunTime:0.0007s ]
NOTIC: [8] Undefined variable: sort D:\WWW\hgecms\hgecms\Home\Controller\IndexController.class.php 第 14 行.
INFO: [ view_parse ] --START--
INFO: [ template_filter ] --START--
INFO: Run Behavior\ContentReplaceBehavior [ RunTime:0.000218s ]
INFO: [ template_filter ] --END-- [ RunTime:0.000407s ]
INFO: Run Behavior\ParseTemplateBehavior [ RunTime:0.023995s ]
INFO: [ view_parse ] --END-- [ RunTime:0.024142s ]
INFO: [ view_filter ] --START--
INFO: Run Behavior\WriteHtmlCacheBehavior [ RunTime:0.001214s ]
INFO: [ view_filter ] --END-- [ RunTime:0.001329s ]
INFO: [ app_end ] --START--
INFO: Run Behavior\ShowPageTraceBehavior [ RunTime:0.001325s ]
INFO: [ app_end ] --END-- [ RunTime:0.001421s ]

[ 2016-06-01T12:14:33+08:00 ] ::1 /hgecms/index.php/Home/Index/getAjax.html?pid=7
INFO: [ app_init ] --START--
INFO: Run Behavior\BuildLiteBehavior [ RunTime:0.000013s ]
INFO: [ app_init ] --END-- [ RunTime:0.000334s ]
INFO: [ app_begin ] --START--
INFO: Run Behavior\ReadHtmlCacheBehavior [ RunTime:0.000442s ]
INFO: [ app_begin ] --END-- [ RunTime:0.000476s ]
SQL: SHOW COLUMNS FROM `ny_biaozhuntype` [ RunTime:0.0095s ]
SQL: SHOW COLUMNS FROM `ny_content` [ RunTime:0.0096s ]
SQL: SELECT `id`,`typename`,`details`,`pid`,`path`,`sort`,concat(path,'.',id) as bpath FROM `ny_biaozhuntype` GROUP BY bpath ORDER BY id asc  [ RunTime:0.0117s ]
SQL: SELECT * FROM `ny_content` WHERE ( upsort = '1.1.1.1' )  [ RunTime:0.0009s ]
SQL: SELECT * FROM `ny_content` WHERE ( upsort = '1.1.2.1' )  [ RunTime:0.0007s ]

[ 2016-06-01T12:14:41+08:00 ] ::1 /hgecms/index.php/Home/Index/content/id/17
INFO: [ app_init ] --START--
INFO: Run Behavior\BuildLiteBehavior [ RunTime:0.000021s ]
INFO: [ app_init ] --END-- [ RunTime:0.000635s ]
INFO: [ app_begin ] --START--
INFO: Run Behavior\ReadHtmlCacheBehavior [ RunTime:0.000669s ]
INFO: [ app_begin ] --END-- [ RunTime:0.000746s ]
SQL: SHOW COLUMNS FROM `ny_content` [ RunTime:0.0037s ]
SQL: SELECT * FROM `ny_content` WHERE ( id = 17 ) LIMIT 1   [ RunTime:0.0003s ]
INFO: [ view_parse ] --START--
INFO: [ template_filter ] --START--
INFO: Run Behavior\ContentReplaceBehavior [ RunTime:0.000053s ]
INFO: [ template_filter ] --END-- [ RunTime:0.000109s ]
NOTIC: [8] Undefined index: author D:\WWW\hgecms\hgecms\Runtime\Cache\Home\bc02fc9d527a301653be00d73e323896.php 第 34 行.
INFO: Run Behavior\ParseTemplateBehavior [ RunTime:0.008055s ]
INFO: [ view_parse ] --END-- [ RunTime:0.008106s ]
INFO: [ view_filter ] --START--
INFO: Run Behavior\WriteHtmlCacheBehavior [ RunTime:0.000377s ]
INFO: [ view_filter ] --END-- [ RunTime:0.000418s ]
INFO: [ app_end ] --START--
INFO: Run Behavior\ShowPageTraceBehavior [ RunTime:0.000671s ]
INFO: [ app_end ] --END-- [ RunTime:0.000714s ]

[ 2016-06-01T12:14:46+08:00 ] ::1 /hgecms/index.php/Home/Index/content/id/2016-06-01/574e611305214.docx
INFO: [ app_init ] --START--
INFO: Run Behavior\BuildLiteBehavior [ RunTime:0.000012s ]
INFO: [ app_init ] --END-- [ RunTime:0.000309s ]
INFO: [ app_begin ] --START--
INFO: Run Behavior\ReadHtmlCacheBehavior [ RunTime:0.000445s ]
INFO: [ app_begin ] --END-- [ RunTime:0.000481s ]
SQL: SHOW COLUMNS FROM `ny_content` [ RunTime:0.0089s ]
SQL: SELECT * FROM `ny_content` WHERE ( id = 2016-06-01 ) LIMIT 1   [ RunTime:0.0008s ]
INFO: [ view_parse ] --START--
INFO: [ template_filter ] --START--
INFO: Run Behavior\ContentReplaceBehavior [ RunTime:0.000151s ]
INFO: [ template_filter ] --END-- [ RunTime:0.000309s ]
INFO: Run Behavior\ParseTemplateBehavior [ RunTime:0.022098s ]
INFO: [ view_parse ] --END-- [ RunTime:0.022202s ]
INFO: [ view_filter ] --START--
INFO: Run Behavior\WriteHtmlCacheBehavior [ RunTime:0.000432s ]
INFO: [ view_filter ] --END-- [ RunTime:0.000480s ]
INFO: [ app_end ] --START--
INFO: Run Behavior\ShowPageTraceBehavior [ RunTime:0.000799s ]
INFO: [ app_end ] --END-- [ RunTime:0.000849s ]

[ 2016-06-01T12:26:01+08:00 ] ::1 /hgecms/index.php/Home/Index/index/id/1
INFO: [ app_init ] --START--
INFO: Run Behavior\BuildLiteBehavior [ RunTime:0.000035s ]
INFO: [ app_init ] --END-- [ RunTime:0.000603s ]
INFO: [ app_begin ] --START--
INFO: Run Behavior\ReadHtmlCacheBehavior [ RunTime:0.000544s ]
INFO: [ app_begin ] --END-- [ RunTime:0.000592s ]
SQL: SHOW COLUMNS FROM `ny_biaozhuntype` [ RunTime:0.0096s ]
SQL: SELECT * FROM `ny_biaozhuntype` WHERE ( pid = 0 )  [ RunTime:0.0008s ]
SQL: SELECT * FROM `ny_biaozhuntype` WHERE ( pid = 1 )  [ RunTime:0.0007s ]
NOTIC: [8] Undefined variable: sort D:\WWW\hgecms\hgecms\Home\Controller\IndexController.class.php 第 14 行.
INFO: [ view_parse ] --START--
INFO: [ template_filter ] --START--
INFO: Run Behavior\ContentReplaceBehavior [ RunTime:0.000246s ]
INFO: [ template_filter ] --END-- [ RunTime:0.000423s ]
INFO: Run Behavior\ParseTemplateBehavior [ RunTime:0.032460s ]
INFO: [ view_parse ] --END-- [ RunTime:0.032629s ]
INFO: [ view_filter ] --START--
INFO: Run Behavior\WriteHtmlCacheBehavior [ RunTime:0.001382s ]
INFO: [ view_filter ] --END-- [ RunTime:0.001464s ]
INFO: [ app_end ] --START--
INFO: Run Behavior\ShowPageTraceBehavior [ RunTime:0.000916s ]
INFO: [ app_end ] --END-- [ RunTime:0.000981s ]

[ 2016-06-01T12:26:02+08:00 ] ::1 /hgecms/index.php/Home/Index/getAjax.html?pid=7
INFO: [ app_init ] --START--
INFO: Run Behavior\BuildLiteBehavior [ RunTime:0.000017s ]
INFO: [ app_init ] --END-- [ RunTime:0.000492s ]
INFO: [ app_begin ] --START--
INFO: Run Behavior\ReadHtmlCacheBehavior [ RunTime:0.000704s ]
INFO: [ app_begin ] --END-- [ RunTime:0.000752s ]
SQL: SHOW COLUMNS FROM `ny_biaozhuntype` [ RunTime:0.0084s ]
SQL: SHOW COLUMNS FROM `ny_content` [ RunTime:0.0106s ]
SQL: SELECT `id`,`typename`,`details`,`pid`,`path`,`sort`,concat(path,'.',id) as bpath FROM `ny_biaozhuntype` GROUP BY bpath ORDER BY id asc  [ RunTime:0.0135s ]
SQL: SELECT * FROM `ny_content` WHERE ( upsort = '1.1.1.1' )  [ RunTime:0.0009s ]
SQL: SELECT * FROM `ny_content` WHERE ( upsort = '1.1.2.1' )  [ RunTime:0.0007s ]

[ 2016-06-01T12:26:09+08:00 ] ::1 /hgecms/index.php/Home/Index/content/id/20
INFO: [ app_init ] --START--
INFO: Run Behavior\BuildLiteBehavior [ RunTime:0.000022s ]
INFO: [ app_init ] --END-- [ RunTime:0.001250s ]
INFO: [ app_begin ] --START--
INFO: Run Behavior\ReadHtmlCacheBehavior [ RunTime:0.000451s ]
INFO: [ app_begin ] --END-- [ RunTime:0.000490s ]
SQL: SHOW COLUMNS FROM `ny_content` [ RunTime:0.0097s ]
SQL: SELECT * FROM `ny_content` WHERE ( id = 20 ) LIMIT 1   [ RunTime:0.0006s ]
INFO: [ view_parse ] --START--
INFO: [ template_filter ] --START--
INFO: Run Behavior\ContentReplaceBehavior [ RunTime:0.000086s ]
INFO: [ template_filter ] --END-- [ RunTime:0.000176s ]
NOTIC: [8] Undefined index: author D:\WWW\hgecms\hgecms\Runtime\Cache\Home\bc02fc9d527a301653be00d73e323896.php 第 34 行.
INFO: Run Behavior\ParseTemplateBehavior [ RunTime:0.013281s ]
INFO: [ view_parse ] --END-- [ RunTime:0.013362s ]
INFO: [ view_filter ] --START--
INFO: Run Behavior\WriteHtmlCacheBehavior [ RunTime:0.000679s ]
INFO: [ view_filter ] --END-- [ RunTime:0.000766s ]
INFO: [ app_end ] --START--
INFO: Run Behavior\ShowPageTraceBehavior [ RunTime:0.001364s ]
INFO: [ app_end ] --END-- [ RunTime:0.001486s ]

[ 2016-06-01T12:26:12+08:00 ] ::1 /hgecms/index.php/Home/Index/content/id/WEB_PUBLIC_URL/Uploads/2016-06-01/574e63c151922.doc
INFO: [ app_init ] --START--
INFO: Run Behavior\BuildLiteBehavior [ RunTime:0.000016s ]
INFO: [ app_init ] --END-- [ RunTime:0.000445s ]
INFO: [ app_begin ] --START--
INFO: Run Behavior\ReadHtmlCacheBehavior [ RunTime:0.000532s ]
INFO: [ app_begin ] --END-- [ RunTime:0.000577s ]
SQL: SHOW COLUMNS FROM `ny_content` [ RunTime:0.0098s ]
ERR: 1054:Unknown column 'WEB_PUBLIC_URL' in 'where clause'
 [ SQL语句 ] : SELECT * FROM `ny_content` WHERE ( id = WEB_PUBLIC_URL ) LIMIT 1  
ERR: 1054:Unknown column 'WEB_PUBLIC_URL' in 'where clause'
 [ SQL语句 ] : SELECT * FROM `ny_content` WHERE ( id = WEB_PUBLIC_URL ) LIMIT 1  

[ 2016-06-01T12:29:38+08:00 ] ::1 /hgecms/index.php/Home/Index/index/id/1
INFO: [ app_init ] --START--
INFO: Run Behavior\BuildLiteBehavior [ RunTime:0.000012s ]
INFO: [ app_init ] --END-- [ RunTime:0.000304s ]
INFO: [ app_begin ] --START--
INFO: Run Behavior\ReadHtmlCacheBehavior [ RunTime:0.000587s ]
INFO: [ app_begin ] --END-- [ RunTime:0.000642s ]
SQL: SHOW COLUMNS FROM `ny_biaozhuntype` [ RunTime:0.0094s ]
SQL: SELECT * FROM `ny_biaozhuntype` WHERE ( pid = 0 )  [ RunTime:0.0010s ]
SQL: SELECT * FROM `ny_biaozhuntype` WHERE ( pid = 1 )  [ RunTime:0.0009s ]
NOTIC: [8] Undefined variable: sort D:\WWW\hgecms\hgecms\Home\Controller\IndexController.class.php 第 14 行.
INFO: [ view_parse ] --START--
INFO: [ template_filter ] --START--
INFO: Run Behavior\ContentReplaceBehavior [ RunTime:0.000079s ]
INFO: [ template_filter ] --END-- [ RunTime:0.000154s ]
INFO: Run Behavior\ParseTemplateBehavior [ RunTime:0.019303s ]
INFO: [ view_parse ] --END-- [ RunTime:0.019401s ]
INFO: [ view_filter ] --START--
INFO: Run Behavior\WriteHtmlCacheBehavior [ RunTime:0.000477s ]
INFO: [ view_filter ] --END-- [ RunTime:0.000530s ]
INFO: [ app_end ] --START--
INFO: Run Behavior\ShowPageTraceBehavior [ RunTime:0.000730s ]
INFO: [ app_end ] --END-- [ RunTime:0.000785s ]

[ 2016-06-01T12:29:39+08:00 ] ::1 /hgecms/index.php/Home/Index/getAjax.html?pid=7
INFO: [ app_init ] --START--
INFO: Run Behavior\BuildLiteBehavior [ RunTime:0.000015s ]
INFO: [ app_init ] --END-- [ RunTime:0.000446s ]
INFO: [ app_begin ] --START--
INFO: Run Behavior\ReadHtmlCacheBehavior [ RunTime:0.000467s ]
INFO: [ app_begin ] --END-- [ RunTime:0.000501s ]
SQL: SHOW COLUMNS FROM `ny_biaozhuntype` [ RunTime:0.0100s ]
SQL: SHOW COLUMNS FROM `ny_content` [ RunTime:0.0100s ]
SQL: SELECT `id`,`typename`,`details`,`pid`,`path`,`sort`,concat(path,'.',id) as bpath FROM `ny_biaozhuntype` GROUP BY bpath ORDER BY id asc  [ RunTime:0.0137s ]
SQL: SELECT * FROM `ny_content` WHERE ( upsort = '1.1.1.1' )  [ RunTime:0.0009s ]
SQL: SELECT * FROM `ny_content` WHERE ( upsort = '1.1.2.1' )  [ RunTime:0.0005s ]

[ 2016-06-01T12:29:43+08:00 ] ::1 /hgecms/index.php/Home/Index/content/id/22
INFO: [ app_init ] --START--
INFO: Run Behavior\BuildLiteBehavior [ RunTime:0.000017s ]
INFO: [ app_init ] --END-- [ RunTime:0.000452s ]
INFO: [ app_begin ] --START--
INFO: Run Behavior\ReadHtmlCacheBehavior [ RunTime:0.001466s ]
INFO: [ app_begin ] --END-- [ RunTime:0.001632s ]
SQL: SHOW COLUMNS FROM `ny_content` [ RunTime:0.0503s ]
SQL: SELECT * FROM `ny_content` WHERE ( id = 22 ) LIMIT 1   [ RunTime:0.0010s ]
INFO: [ view_parse ] --START--
INFO: [ template_filter ] --START--
INFO: Run Behavior\ContentReplaceBehavior [ RunTime:0.000177s ]
INFO: [ template_filter ] --END-- [ RunTime:0.000371s ]
NOTIC: [8] Undefined index: author D:\WWW\hgecms\hgecms\Runtime\Cache\Home\bc02fc9d527a301653be00d73e323896.php 第 34 行.
INFO: Run Behavior\ParseTemplateBehavior [ RunTime:0.020864s ]
INFO: [ view_parse ] --END-- [ RunTime:0.021021s ]
INFO: [ view_filter ] --START--
INFO: Run Behavior\WriteHtmlCacheBehavior [ RunTime:0.001167s ]
INFO: [ view_filter ] --END-- [ RunTime:0.001295s ]
INFO: [ app_end ] --START--
INFO: Run Behavior\ShowPageTraceBehavior [ RunTime:0.001459s ]
INFO: [ app_end ] --END-- [ RunTime:0.001565s ]

[ 2016-06-01T12:31:10+08:00 ] ::1 /hgecms/index.php/Home/Index/
INFO: [ app_init ] --START--
INFO: Run Behavior\BuildLiteBehavior [ RunTime:0.000011s ]
INFO: [ app_init ] --END-- [ RunTime:0.000323s ]
INFO: [ app_begin ] --START--
INFO: Run Behavior\ReadHtmlCacheBehavior [ RunTime:0.000418s ]
INFO: [ app_begin ] --END-- [ RunTime:0.000452s ]
SQL: SHOW COLUMNS FROM `ny_biaozhuntype` [ RunTime:0.0085s ]
SQL: SELECT * FROM `ny_biaozhuntype` WHERE ( pid = 0 )  [ RunTime:0.0009s ]
SQL: SELECT * FROM `ny_biaozhuntype` WHERE ( pid = 1 )  [ RunTime:0.0008s ]
NOTIC: [8] Undefined variable: sort D:\WWW\hgecms\hgecms\Home\Controller\IndexController.class.php 第 14 行.
INFO: [ view_parse ] --START--
INFO: [ template_filter ] --START--
INFO: Run Behavior\ContentReplaceBehavior [ RunTime:0.000079s ]
INFO: [ template_filter ] --END-- [ RunTime:0.000149s ]
INFO: Run Behavior\ParseTemplateBehavior [ RunTime:0.024642s ]
INFO: [ view_parse ] --END-- [ RunTime:0.024761s ]
INFO: [ view_filter ] --START--
INFO: Run Behavior\WriteHtmlCacheBehavior [ RunTime:0.000472s ]
INFO: [ view_filter ] --END-- [ RunTime:0.000524s ]
INFO: [ app_end ] --START--
INFO: Run Behavior\ShowPageTraceBehavior [ RunTime:0.000804s ]
INFO: [ app_end ] --END-- [ RunTime:0.000859s ]

[ 2016-06-01T12:31:12+08:00 ] ::1 /hgecms/index.php/Home/Index/getAjax.html?pid=7
INFO: [ app_init ] --START--
INFO: Run Behavior\BuildLiteBehavior [ RunTime:0.000017s ]
INFO: [ app_init ] --END-- [ RunTime:0.000407s ]
INFO: [ app_begin ] --START--
INFO: Run Behavior\ReadHtmlCacheBehavior [ RunTime:0.000670s ]
INFO: [ app_begin ] --END-- [ RunTime:0.000722s ]
SQL: SHOW COLUMNS FROM `ny_biaozhuntype` [ RunTime:0.0091s ]
SQL: SHOW COLUMNS FROM `ny_content` [ RunTime:0.0096s ]
SQL: SELECT `id`,`typename`,`details`,`pid`,`path`,`sort`,concat(path,'.',id) as bpath FROM `ny_biaozhuntype` GROUP BY bpath ORDER BY id asc  [ RunTime:0.0143s ]
SQL: SELECT * FROM `ny_content` WHERE ( upsort = '1.1.1.1' )  [ RunTime:0.0009s ]
SQL: SELECT * FROM `ny_content` WHERE ( upsort = '1.1.2.1' )  [ RunTime:0.0007s ]

[ 2016-06-01T12:32:24+08:00 ] ::1 /hgecms/index.php/Home/Index/index/id/1
INFO: [ app_init ] --START--
INFO: Run Behavior\BuildLiteBehavior [ RunTime:0.000013s ]
INFO: [ app_init ] --END-- [ RunTime:0.000330s ]
INFO: [ app_begin ] --START--
INFO: Run Behavior\ReadHtmlCacheBehavior [ RunTime:0.000526s ]
INFO: [ app_begin ] --END-- [ RunTime:0.000569s ]
SQL: SHOW COLUMNS FROM `ny_biaozhuntype` [ RunTime:0.0103s ]
SQL: SELECT * FROM `ny_biaozhuntype` WHERE ( pid = 0 )  [ RunTime:0.0008s ]
SQL: SELECT * FROM `ny_biaozhuntype` WHERE ( pid = 1 )  [ RunTime:0.0007s ]
NOTIC: [8] Undefined variable: sort D:\WWW\hgecms\hgecms\Home\Controller\IndexController.class.php 第 14 行.
INFO: [ view_parse ] --START--
INFO: [ template_filter ] --START--
INFO: Run Behavior\ContentReplaceBehavior [ RunTime:0.000090s ]
INFO: [ template_filter ] --END-- [ RunTime:0.000170s ]
INFO: Run Behavior\ParseTemplateBehavior [ RunTime:0.016517s ]
INFO: [ view_parse ] --END-- [ RunTime:0.016625s ]
INFO: [ view_filter ] --START--
INFO: Run Behavior\WriteHtmlCacheBehavior [ RunTime:0.000538s ]
INFO: [ view_filter ] --END-- [ RunTime:0.000599s ]
INFO: [ app_end ] --START--
INFO: Run Behavior\ShowPageTraceBehavior [ RunTime:0.000828s ]
INFO: [ app_end ] --END-- [ RunTime:0.000890s ]

[ 2016-06-01T12:32:25+08:00 ] ::1 /hgecms/index.php/Home/Index/getAjax.html?pid=7
INFO: [ app_init ] --START--
INFO: Run Behavior\BuildLiteBehavior [ RunTime:0.000012s ]
INFO: [ app_init ] --END-- [ RunTime:0.000278s ]
INFO: [ app_begin ] --START--
INFO: Run Behavior\ReadHtmlCacheBehavior [ RunTime:0.000438s ]
INFO: [ app_begin ] --END-- [ RunTime:0.000470s ]
SQL: SHOW COLUMNS FROM `ny_biaozhuntype` [ RunTime:0.0088s ]
SQL: SHOW COLUMNS FROM `ny_content` [ RunTime:0.0097s ]
SQL: SELECT `id`,`typename`,`details`,`pid`,`path`,`sort`,concat(path,'.',id) as bpath FROM `ny_biaozhuntype` GROUP BY bpath ORDER BY id asc  [ RunTime:0.0120s ]
SQL: SELECT * FROM `ny_content` WHERE ( upsort = '1.1.1.1' )  [ RunTime:0.0005s ]
SQL: SELECT * FROM `ny_content` WHERE ( upsort = '1.1.2.1' )  [ RunTime:0.0005s ]

[ 2016-06-01T12:32:30+08:00 ] ::1 /hgecms/index.php/Home/Index/content/id/24
INFO: [ app_init ] --START--
INFO: Run Behavior\BuildLiteBehavior [ RunTime:0.000011s ]
INFO: [ app_init ] --END-- [ RunTime:0.000263s ]
INFO: [ app_begin ] --START--
INFO: Run Behavior\ReadHtmlCacheBehavior [ RunTime:0.000516s ]
INFO: [ app_begin ] --END-- [ RunTime:0.000555s ]
SQL: SHOW COLUMNS FROM `ny_content` [ RunTime:0.0107s ]
SQL: SELECT * FROM `ny_content` WHERE ( id = 24 ) LIMIT 1   [ RunTime:0.0010s ]
INFO: [ view_parse ] --START--
INFO: [ template_filter ] --START--
INFO: Run Behavior\ContentReplaceBehavior [ RunTime:0.000075s ]
INFO: [ template_filter ] --END-- [ RunTime:0.000153s ]
NOTIC: [8] Undefined index: author D:\WWW\hgecms\hgecms\Runtime\Cache\Home\bc02fc9d527a301653be00d73e323896.php 第 34 行.
INFO: Run Behavior\ParseTemplateBehavior [ RunTime:0.017599s ]
INFO: [ view_parse ] --END-- [ RunTime:0.017693s ]
INFO: [ view_filter ] --START--
INFO: Run Behavior\WriteHtmlCacheBehavior [ RunTime:0.000538s ]
INFO: [ view_filter ] --END-- [ RunTime:0.000600s ]
INFO: [ app_end ] --START--
INFO: Run Behavior\ShowPageTraceBehavior [ RunTime:0.001048s ]
INFO: [ app_end ] --END-- [ RunTime:0.001130s ]

[ 2016-06-01T12:34:41+08:00 ] ::1 /hgecms/index.php/Home/Index/getAjax.html?pid=18
INFO: [ app_init ] --START--
INFO: Run Behavior\BuildLiteBehavior [ RunTime:0.000026s ]
INFO: [ app_init ] --END-- [ RunTime:0.000697s ]
INFO: [ app_begin ] --START--
INFO: Run Behavior\ReadHtmlCacheBehavior [ RunTime:0.000777s ]
INFO: [ app_begin ] --END-- [ RunTime:0.000851s ]
SQL: SHOW COLUMNS FROM `ny_biaozhuntype` [ RunTime:0.0089s ]
SQL: SHOW COLUMNS FROM `ny_content` [ RunTime:0.0123s ]
SQL: SELECT `id`,`typename`,`details`,`pid`,`path`,`sort`,concat(path,'.',id) as bpath FROM `ny_biaozhuntype` GROUP BY bpath ORDER BY id asc  [ RunTime:0.0090s ]

[ 2016-06-01T12:34:44+08:00 ] ::1 /hgecms/index.php/Home/Index/getAjax.html?pid=7
INFO: [ app_init ] --START--
INFO: Run Behavior\BuildLiteBehavior [ RunTime:0.000017s ]
INFO: [ app_init ] --END-- [ RunTime:0.000478s ]
INFO: [ app_begin ] --START--
INFO: Run Behavior\ReadHtmlCacheBehavior [ RunTime:0.000676s ]
INFO: [ app_begin ] --END-- [ RunTime:0.000745s ]
SQL: SHOW COLUMNS FROM `ny_biaozhuntype` [ RunTime:0.0083s ]
SQL: SHOW COLUMNS FROM `ny_content` [ RunTime:0.0091s ]
SQL: SELECT `id`,`typename`,`details`,`pid`,`path`,`sort`,concat(path,'.',id) as bpath FROM `ny_biaozhuntype` GROUP BY bpath ORDER BY id asc  [ RunTime:0.0111s ]
SQL: SELECT * FROM `ny_content` WHERE ( upsort = '1.1.1.1' )  [ RunTime:0.0008s ]
SQL: SELECT * FROM `ny_content` WHERE ( upsort = '1.1.2.1' )  [ RunTime:0.0007s ]

[ 2016-06-01T12:34:47+08:00 ] ::1 /hgecms/index.php/Home/Index/content/id/25
INFO: [ app_init ] --START--
INFO: Run Behavior\BuildLiteBehavior [ RunTime:0.000019s ]
INFO: [ app_init ] --END-- [ RunTime:0.000479s ]
INFO: [ app_begin ] --START--
INFO: Run Behavior\ReadHtmlCacheBehavior [ RunTime:0.000812s ]
INFO: [ app_begin ] --END-- [ RunTime:0.000897s ]
SQL: SHOW COLUMNS FROM `ny_content` [ RunTime:0.0106s ]
SQL: SELECT * FROM `ny_content` WHERE ( id = 25 ) LIMIT 1   [ RunTime:0.0008s ]
INFO: [ view_parse ] --START--
INFO: [ template_filter ] --START--
INFO: Run Behavior\ContentReplaceBehavior [ RunTime:0.000125s ]
INFO: [ template_filter ] --END-- [ RunTime:0.000256s ]
NOTIC: [8] Undefined index: author D:\WWW\hgecms\hgecms\Runtime\Cache\Home\bc02fc9d527a301653be00d73e323896.php 第 34 行.
INFO: Run Behavior\ParseTemplateBehavior [ RunTime:0.021971s ]
INFO: [ view_parse ] --END-- [ RunTime:0.022137s ]
INFO: [ view_filter ] --START--
INFO: Run Behavior\WriteHtmlCacheBehavior [ RunTime:0.001004s ]
INFO: [ view_filter ] --END-- [ RunTime:0.001151s ]
INFO: [ app_end ] --START--
INFO: Run Behavior\ShowPageTraceBehavior [ RunTime:0.001450s ]
INFO: [ app_end ] --END-- [ RunTime:0.001558s ]

[ 2016-06-01T12:36:07+08:00 ] ::1 /hgecms/index.php/Home/Index/
INFO: [ app_init ] --START--
INFO: Run Behavior\BuildLiteBehavior [ RunTime:0.000047s ]
INFO: [ app_init ] --END-- [ RunTime:0.000651s ]
INFO: [ app_begin ] --START--
INFO: Run Behavior\ReadHtmlCacheBehavior [ RunTime:0.000650s ]
INFO: [ app_begin ] --END-- [ RunTime:0.000723s ]
SQL: SHOW COLUMNS FROM `ny_biaozhuntype` [ RunTime:0.0097s ]
SQL: SELECT * FROM `ny_biaozhuntype` WHERE ( pid = 0 )  [ RunTime:0.0008s ]
SQL: SELECT * FROM `ny_biaozhuntype` WHERE ( pid = 1 )  [ RunTime:0.0007s ]
NOTIC: [8] Undefined variable: sort D:\WWW\hgecms\hgecms\Home\Controller\IndexController.class.php 第 14 行.
INFO: [ view_parse ] --START--
INFO: [ template_filter ] --START--
INFO: Run Behavior\ContentReplaceBehavior [ RunTime:0.000079s ]
INFO: [ template_filter ] --END-- [ RunTime:0.000147s ]
INFO: Run Behavior\ParseTemplateBehavior [ RunTime:0.013942s ]
INFO: [ view_parse ] --END-- [ RunTime:0.014053s ]
INFO: [ view_filter ] --START--
INFO: Run Behavior\WriteHtmlCacheBehavior [ RunTime:0.000479s ]
INFO: [ view_filter ] --END-- [ RunTime:0.000533s ]
INFO: [ app_end ] --START--
INFO: Run Behavior\ShowPageTraceBehavior [ RunTime:0.000819s ]
INFO: [ app_end ] --END-- [ RunTime:0.000877s ]

[ 2016-06-01T12:36:08+08:00 ] ::1 /hgecms/index.php/Home/Index/getAjax.html?pid=7
INFO: [ app_init ] --START--
INFO: Run Behavior\BuildLiteBehavior [ RunTime:0.000012s ]
INFO: [ app_init ] --END-- [ RunTime:0.000335s ]
INFO: [ app_begin ] --START--
INFO: Run Behavior\ReadHtmlCacheBehavior [ RunTime:0.000582s ]
INFO: [ app_begin ] --END-- [ RunTime:0.000640s ]
SQL: SHOW COLUMNS FROM `ny_biaozhuntype` [ RunTime:0.0058s ]
SQL: SHOW COLUMNS FROM `ny_content` [ RunTime:0.0043s ]
SQL: SELECT `id`,`typename`,`details`,`pid`,`path`,`sort`,concat(path,'.',id) as bpath FROM `ny_biaozhuntype` GROUP BY bpath ORDER BY id asc  [ RunTime:0.0051s ]
SQL: SELECT * FROM `ny_content` WHERE ( upsort = '1.1.1.1' )  [ RunTime:0.0004s ]
SQL: SELECT * FROM `ny_content` WHERE ( upsort = '1.1.2.1' )  [ RunTime:0.0003s ]

[ 2016-06-01T12:36:10+08:00 ] ::1 /hgecms/index.php/Home/Index/getAjax.html?pid=18
INFO: [ app_init ] --START--
INFO: Run Behavior\BuildLiteBehavior [ RunTime:0.000012s ]
INFO: [ app_init ] --END-- [ RunTime:0.000319s ]
INFO: [ app_begin ] --START--
INFO: Run Behavior\ReadHtmlCacheBehavior [ RunTime:0.000499s ]
INFO: [ app_begin ] --END-- [ RunTime:0.000541s ]
SQL: SHOW COLUMNS FROM `ny_biaozhuntype` [ RunTime:0.0031s ]
SQL: SHOW COLUMNS FROM `ny_content` [ RunTime:0.0027s ]
SQL: SELECT `id`,`typename`,`details`,`pid`,`path`,`sort`,concat(path,'.',id) as bpath FROM `ny_biaozhuntype` GROUP BY bpath ORDER BY id asc  [ RunTime:0.0033s ]

[ 2016-06-01T12:36:12+08:00 ] ::1 /hgecms/index.php/Home/Index/getAjax.html?pid=7
INFO: [ app_init ] --START--
INFO: Run Behavior\BuildLiteBehavior [ RunTime:0.000017s ]
INFO: [ app_init ] --END-- [ RunTime:0.000472s ]
INFO: [ app_begin ] --START--
INFO: Run Behavior\ReadHtmlCacheBehavior [ RunTime:0.000649s ]
INFO: [ app_begin ] --END-- [ RunTime:0.000699s ]
SQL: SHOW COLUMNS FROM `ny_biaozhuntype` [ RunTime:0.0090s ]
SQL: SHOW COLUMNS FROM `ny_content` [ RunTime:0.0108s ]
SQL: SELECT `id`,`typename`,`details`,`pid`,`path`,`sort`,concat(path,'.',id) as bpath FROM `ny_biaozhuntype` GROUP BY bpath ORDER BY id asc  [ RunTime:0.0099s ]
SQL: SELECT * FROM `ny_content` WHERE ( upsort = '1.1.1.1' )  [ RunTime:0.0004s ]
SQL: SELECT * FROM `ny_content` WHERE ( upsort = '1.1.2.1' )  [ RunTime:0.0003s ]

[ 2016-06-01T12:36:16+08:00 ] ::1 /hgecms/index.php/Home/Index/content/id/26
INFO: [ app_init ] --START--
INFO: Run Behavior\BuildLiteBehavior [ RunTime:0.000024s ]
INFO: [ app_init ] --END-- [ RunTime:0.000519s ]
INFO: [ app_begin ] --START--
INFO: Run Behavior\ReadHtmlCacheBehavior [ RunTime:0.000600s ]
INFO: [ app_begin ] --END-- [ RunTime:0.000653s ]
SQL: SHOW COLUMNS FROM `ny_content` [ RunTime:0.0114s ]
SQL: SELECT * FROM `ny_content` WHERE ( id = 26 ) LIMIT 1   [ RunTime:0.0008s ]
INFO: [ view_parse ] --START--
INFO: [ template_filter ] --START--
INFO: Run Behavior\ContentReplaceBehavior [ RunTime:0.000066s ]
INFO: [ template_filter ] --END-- [ RunTime:0.000132s ]
NOTIC: [8] Undefined index: author D:\WWW\hgecms\hgecms\Runtime\Cache\Home\bc02fc9d527a301653be00d73e323896.php 第 34 行.
INFO: Run Behavior\ParseTemplateBehavior [ RunTime:0.015837s ]
INFO: [ view_parse ] --END-- [ RunTime:0.015932s ]
INFO: [ view_filter ] --START--
INFO: Run Behavior\WriteHtmlCacheBehavior [ RunTime:0.000466s ]
INFO: [ view_filter ] --END-- [ RunTime:0.000531s ]
INFO: [ app_end ] --START--
INFO: Run Behavior\ShowPageTraceBehavior [ RunTime:0.000741s ]
INFO: [ app_end ] --END-- [ RunTime:0.000795s ]

