[ 2018-01-31T14:04:59+08:00 ] 127.0.0.1 /
INFO: [ app_init ] --START--
INFO: Run Behavior\BuildLiteBehavior [ RunTime:0.000034s ]
INFO: [ app_init ] --END-- [ RunTime:0.001701s ]
INFO: [ app_begin ] --START--
INFO: Run Behavior\ReadHtmlCacheBehavior [ RunTime:0.000747s ]
INFO: [ app_begin ] --END-- [ RunTime:0.000867s ]
SQL: SHOW COLUMNS FROM `ny_biaozhuntype` [ RunTime:0.0179s ]
SQL: SELECT * FROM `ny_biaozhuntype` WHERE ( pid = 0 )  [ RunTime:0.0089s ]
SQL: SELECT * FROM `ny_biaozhuntype` WHERE ( pid = 1 )  [ RunTime:0.0011s ]
NOTIC: [8] Undefined variable: sort E:\PHP\phpStudy\WWW\hgecms\hgecms\Home\Controller\IndexController.class.php 第 14 行.
INFO: [ view_parse ] --START--
INFO: [ template_filter ] --START--
INFO: Run Behavior\ContentReplaceBehavior [ RunTime:0.000646s ]
INFO: [ template_filter ] --END-- [ RunTime:0.000818s ]
INFO: Run Behavior\ParseTemplateBehavior [ RunTime:0.063366s ]
INFO: [ view_parse ] --END-- [ RunTime:0.063481s ]
INFO: [ view_filter ] --START--
INFO: Run Behavior\WriteHtmlCacheBehavior [ RunTime:0.012039s ]
INFO: [ view_filter ] --END-- [ RunTime:0.012166s ]
INFO: [ app_end ] --START--
INFO: Run Behavior\ShowPageTraceBehavior [ RunTime:0.042671s ]
INFO: [ app_end ] --END-- [ RunTime:0.042809s ]

[ 2018-01-31T14:05:01+08:00 ] 127.0.0.1 /index.php/Home/Index/getAjax.html?pid=8
INFO: [ app_init ] --START--
INFO: Run Behavior\BuildLiteBehavior [ RunTime:0.000039s ]
INFO: [ app_init ] --END-- [ RunTime:0.000575s ]
INFO: [ app_begin ] --START--
INFO: Run Behavior\ReadHtmlCacheBehavior [ RunTime:0.001271s ]
INFO: [ app_begin ] --END-- [ RunTime:0.001482s ]
SQL: SHOW COLUMNS FROM `ny_biaozhuntype` [ RunTime:0.0060s ]
SQL: SHOW COLUMNS FROM `ny_content` [ RunTime:0.0150s ]
SQL: SELECT `id`,`typename`,`details`,`pid`,`path`,`sort`,concat(path,'.',id) as bpath FROM `ny_biaozhuntype` GROUP BY bpath ORDER BY id asc  [ RunTime:0.1622s ]
SQL: SELECT * FROM `ny_content` WHERE ( upsort = '1.1.1.1' )  [ RunTime:0.0008s ]
SQL: SELECT * FROM `ny_content` WHERE ( upsort = '1.1.2.1' )  [ RunTime:0.0004s ]
SQL: SELECT * FROM `ny_content` WHERE ( upsort = '1.1.3.1' )  [ RunTime:0.0005s ]
SQL: SELECT * FROM `ny_content` WHERE ( upsort = '1.1.4.1' )  [ RunTime:0.0003s ]

[ 2018-01-31T14:05:10+08:00 ] 127.0.0.1 /
INFO: [ app_init ] --START--
INFO: Run Behavior\BuildLiteBehavior [ RunTime:0.000048s ]
INFO: [ app_init ] --END-- [ RunTime:0.001014s ]
INFO: [ app_begin ] --START--
INFO: Run Behavior\ReadHtmlCacheBehavior [ RunTime:0.000426s ]
INFO: [ app_begin ] --END-- [ RunTime:0.000585s ]
SQL: SHOW COLUMNS FROM `ny_biaozhuntype` [ RunTime:0.0045s ]
SQL: SELECT * FROM `ny_biaozhuntype` WHERE ( pid = 0 )  [ RunTime:0.0011s ]
SQL: SELECT * FROM `ny_biaozhuntype` WHERE ( pid = 1 )  [ RunTime:0.0012s ]
NOTIC: [8] Undefined variable: sort E:\PHP\phpStudy\WWW\hgecms\hgecms\Home\Controller\IndexController.class.php 第 14 行.
INFO: [ view_parse ] --START--
INFO: [ template_filter ] --START--
INFO: Run Behavior\ContentReplaceBehavior [ RunTime:0.000089s ]
INFO: [ template_filter ] --END-- [ RunTime:0.000210s ]
INFO: Run Behavior\ParseTemplateBehavior [ RunTime:0.010228s ]
INFO: [ view_parse ] --END-- [ RunTime:0.010394s ]
INFO: [ view_filter ] --START--
INFO: Run Behavior\WriteHtmlCacheBehavior [ RunTime:0.000370s ]
INFO: [ view_filter ] --END-- [ RunTime:0.000540s ]
INFO: [ app_end ] --START--
INFO: Run Behavior\ShowPageTraceBehavior [ RunTime:0.000640s ]
INFO: [ app_end ] --END-- [ RunTime:0.000797s ]

[ 2018-01-31T14:05:12+08:00 ] 127.0.0.1 /index.php/Home/Index/getAjax.html?pid=8
INFO: [ app_init ] --START--
INFO: Run Behavior\BuildLiteBehavior [ RunTime:0.000045s ]
INFO: [ app_init ] --END-- [ RunTime:0.000850s ]
INFO: [ app_begin ] --START--
INFO: Run Behavior\ReadHtmlCacheBehavior [ RunTime:0.000691s ]
INFO: [ app_begin ] --END-- [ RunTime:0.000875s ]
SQL: SHOW COLUMNS FROM `ny_biaozhuntype` [ RunTime:0.0047s ]
SQL: SHOW COLUMNS FROM `ny_content` [ RunTime:0.0044s ]
SQL: SELECT `id`,`typename`,`details`,`pid`,`path`,`sort`,concat(path,'.',id) as bpath FROM `ny_biaozhuntype` GROUP BY bpath ORDER BY id asc  [ RunTime:0.1054s ]
SQL: SELECT * FROM `ny_content` WHERE ( upsort = '1.1.1.1' )  [ RunTime:0.0004s ]
SQL: SELECT * FROM `ny_content` WHERE ( upsort = '1.1.2.1' )  [ RunTime:0.0002s ]
SQL: SELECT * FROM `ny_content` WHERE ( upsort = '1.1.3.1' )  [ RunTime:0.0002s ]
SQL: SELECT * FROM `ny_content` WHERE ( upsort = '1.1.4.1' )  [ RunTime:0.0002s ]

[ 2018-01-31T14:05:14+08:00 ] 127.0.0.1 /index.php/Home/Index/index/id/2
INFO: [ app_init ] --START--
INFO: Run Behavior\BuildLiteBehavior [ RunTime:0.000034s ]
INFO: [ app_init ] --END-- [ RunTime:0.000442s ]
INFO: [ app_begin ] --START--
INFO: Run Behavior\ReadHtmlCacheBehavior [ RunTime:0.000426s ]
INFO: [ app_begin ] --END-- [ RunTime:0.000540s ]
SQL: SHOW COLUMNS FROM `ny_biaozhuntype` [ RunTime:0.0047s ]
SQL: SELECT * FROM `ny_biaozhuntype` WHERE ( pid = 0 )  [ RunTime:0.0012s ]
SQL: SELECT * FROM `ny_biaozhuntype` WHERE ( pid = 2 )  [ RunTime:0.0012s ]
NOTIC: [8] Undefined variable: sort E:\PHP\phpStudy\WWW\hgecms\hgecms\Home\Controller\IndexController.class.php 第 14 行.
INFO: [ view_parse ] --START--
INFO: [ template_filter ] --START--
INFO: Run Behavior\ContentReplaceBehavior [ RunTime:0.000084s ]
INFO: [ template_filter ] --END-- [ RunTime:0.000207s ]
INFO: Run Behavior\ParseTemplateBehavior [ RunTime:0.008729s ]
INFO: [ view_parse ] --END-- [ RunTime:0.008850s ]
INFO: [ view_filter ] --START--
INFO: Run Behavior\WriteHtmlCacheBehavior [ RunTime:0.000263s ]
INFO: [ view_filter ] --END-- [ RunTime:0.000365s ]
INFO: [ app_end ] --START--
INFO: Run Behavior\ShowPageTraceBehavior [ RunTime:0.000398s ]
INFO: [ app_end ] --END-- [ RunTime:0.000497s ]

[ 2018-01-31T14:05:16+08:00 ] 127.0.0.1 /index.php/Home/Index/getAjax.html?pid=14
INFO: [ app_init ] --START--
INFO: Run Behavior\BuildLiteBehavior [ RunTime:0.000070s ]
INFO: [ app_init ] --END-- [ RunTime:0.000831s ]
INFO: [ app_begin ] --START--
INFO: Run Behavior\ReadHtmlCacheBehavior [ RunTime:0.000499s ]
INFO: [ app_begin ] --END-- [ RunTime:0.000626s ]
SQL: SHOW COLUMNS FROM `ny_biaozhuntype` [ RunTime:0.0045s ]
SQL: SHOW COLUMNS FROM `ny_content` [ RunTime:0.0044s ]
SQL: SELECT `id`,`typename`,`details`,`pid`,`path`,`sort`,concat(path,'.',id) as bpath FROM `ny_biaozhuntype` GROUP BY bpath ORDER BY id asc  [ RunTime:0.1059s ]
SQL: SELECT * FROM `ny_content` WHERE ( upsort = '2.1.1.1' )  [ RunTime:0.0004s ]
SQL: SELECT * FROM `ny_content` WHERE ( upsort = '2.1.2.1' )  [ RunTime:0.0002s ]
SQL: SELECT * FROM `ny_content` WHERE ( upsort = '2.1.3.1' )  [ RunTime:0.0002s ]
SQL: SELECT * FROM `ny_content` WHERE ( upsort = '2.1.4.1' )  [ RunTime:0.0002s ]

